2023-11-05 00:08:30,558 INFO o.s.o.j.AbstractEntityManagerFactoryBean [SpringApplicationShutdownHook] Closing JPA EntityManagerFactory for persistence unit 'default'
2023-11-05 00:08:30,562 INFO c.z.h.HikariDataSource [SpringApplicationShutdownHook] HikariPool-1 - Shutdown initiated...
2023-11-05 00:08:30,577 INFO c.z.h.HikariDataSource [SpringApplicationShutdownHook] HikariPool-1 - Shutdown completed.
2023-11-05 00:08:35,410 INFO o.s.b.StartupInfoLogger [main] Starting SpringWebRestCh5Application using Java 19.0.2 with PID 11442 (/home/afansyarifudin/Project/java_synrgy_exercise/SpringWebRest_ch5/target/classes started by afansyarifudin in /home/afansyarifudin/Project/java_synrgy_exercise/SpringWebRest_ch5)
2023-11-05 00:08:35,412 INFO o.s.b.SpringApplication [main] No active profile set, falling back to 1 default profile: "default"
2023-11-05 00:08:35,976 INFO o.s.d.r.c.RepositoryConfigurationDelegate [main] Bootstrapping Spring Data JPA repositories in DEFAULT mode.
2023-11-05 00:08:36,037 INFO o.s.d.r.c.RepositoryConfigurationDelegate [main] Finished Spring Data repository scanning in 54 ms. Found 5 JPA repository interfaces.
2023-11-05 00:08:36,486 INFO o.s.b.w.e.t.TomcatWebServer [main] Tomcat initialized with port(s): 8080 (http)
2023-11-05 00:08:36,494 INFO o.a.j.l.DirectJDKLog [main] Initializing ProtocolHandler ["http-nio-8080"]
2023-11-05 00:08:36,496 INFO o.a.j.l.DirectJDKLog [main] Starting service [Tomcat]
2023-11-05 00:08:36,496 INFO o.a.j.l.DirectJDKLog [main] Starting Servlet engine: [Apache Tomcat/10.1.15]
2023-11-05 00:08:36,565 INFO o.a.j.l.DirectJDKLog [main] Initializing Spring embedded WebApplicationContext
2023-11-05 00:08:36,566 INFO o.s.b.w.s.c.ServletWebServerApplicationContext [main] Root WebApplicationContext: initialization completed in 1109 ms
2023-11-05 00:08:36,702 INFO o.h.j.i.u.LogHelper [main] HHH000204: Processing PersistenceUnitInfo [name: default]
2023-11-05 00:08:36,742 INFO o.h.Version [main] HHH000412: Hibernate ORM core version 6.2.13.Final
2023-11-05 00:08:36,744 INFO o.h.c.Environment [main] HHH000406: Using bytecode reflection optimizer
2023-11-05 00:08:36,959 INFO o.s.o.j.p.SpringPersistenceUnitInfo [main] No LoadTimeWeaver setup: ignoring JPA class transformer
2023-11-05 00:08:36,980 INFO c.z.h.HikariDataSource [main] HikariPool-1 - Starting...
2023-11-05 00:08:37,240 INFO c.z.h.p.HikariPool [main] HikariPool-1 - Added connection org.postgresql.jdbc.PgConnection@46702c26
2023-11-05 00:08:37,241 INFO c.z.h.HikariDataSource [main] HikariPool-1 - Start completed.
2023-11-05 00:08:37,268 WARN o.h.e.j.d.i.DialectFactoryImpl [main] HHH90000025: PostgreSQLDialect does not need to be specified explicitly using 'hibernate.dialect' (remove the property setting and it will be selected by default)
2023-11-05 00:08:38,103 INFO o.h.e.t.j.p.i.JtaPlatformInitiator [main] HHH000489: No JTA platform available (set 'hibernate.transaction.jta.platform' to enable JTA platform integration)
2023-11-05 00:08:38,248 INFO o.s.o.j.AbstractEntityManagerFactoryBean [main] Initialized JPA EntityManagerFactory for persistence unit 'default'
2023-11-05 00:08:38,539 WARN o.s.b.a.o.j.JpaBaseConfiguration$JpaWebConfiguration [main] spring.jpa.open-in-view is enabled by default. Therefore, database queries may be performed during view rendering. Explicitly configure spring.jpa.open-in-view to disable this warning
2023-11-05 00:08:38,918 INFO o.a.j.l.DirectJDKLog [main] Starting ProtocolHandler ["http-nio-8080"]
2023-11-05 00:08:38,931 INFO o.s.b.w.e.t.TomcatWebServer [main] Tomcat started on port(s): 8080 (http) with context path ''
2023-11-05 00:08:38,941 INFO o.s.b.StartupInfoLogger [main] Started SpringWebRestCh5Application in 3.976 seconds (process running for 4.471)
2023-11-05 00:08:46,330 INFO o.a.j.l.DirectJDKLog [http-nio-8080-exec-1] Initializing Spring DispatcherServlet 'dispatcherServlet'
2023-11-05 00:08:46,331 INFO o.s.w.s.FrameworkServlet [http-nio-8080-exec-1] Initializing Servlet 'dispatcherServlet'
2023-11-05 00:08:46,332 INFO o.s.w.s.FrameworkServlet [http-nio-8080-exec-1] Completed initialization in 1 ms
2023-11-05 00:08:46,509 INFO c.e.s.s.MerchantServiceImpl [http-nio-8080-exec-1] Merchant not found
2023-11-05 00:08:46,513 ERROR o.a.j.l.DirectJDKLog [http-nio-8080-exec-1] Servlet.service() for servlet [dispatcherServlet] in context with path [] threw exception [Request processing failed: java.lang.RuntimeException: Merchant not found] with root cause
java.lang.RuntimeException: Merchant not found
	at com.example.springwebrest_ch5.service.MerchantServiceImpl.update(MerchantServiceImpl.java:55)
	at com.example.springwebrest_ch5.controller.MerchantController.put(MerchantController.java:59)
	at java.base/jdk.internal.reflect.DirectMethodHandleAccessor.invoke(DirectMethodHandleAccessor.java:104)
	at java.base/java.lang.reflect.Method.invoke(Method.java:578)
	at org.springframework.web.method.support.InvocableHandlerMethod.doInvoke(InvocableHandlerMethod.java:205)
	at org.springframework.web.method.support.InvocableHandlerMethod.invokeForRequest(InvocableHandlerMethod.java:150)
	at org.springframework.web.servlet.mvc.method.annotation.ServletInvocableHandlerMethod.invokeAndHandle(ServletInvocableHandlerMethod.java:118)
	at org.springframework.web.servlet.mvc.method.annotation.RequestMappingHandlerAdapter.invokeHandlerMethod(RequestMappingHandlerAdapter.java:884)
	at org.springframework.web.servlet.mvc.method.annotation.RequestMappingHandlerAdapter.handleInternal(RequestMappingHandlerAdapter.java:797)
	at org.springframework.web.servlet.mvc.method.AbstractHandlerMethodAdapter.handle(AbstractHandlerMethodAdapter.java:87)
	at org.springframework.web.servlet.DispatcherServlet.doDispatch(DispatcherServlet.java:1081)
	at org.springframework.web.servlet.DispatcherServlet.doService(DispatcherServlet.java:974)
	at org.springframework.web.servlet.FrameworkServlet.processRequest(FrameworkServlet.java:1011)
	at org.springframework.web.servlet.FrameworkServlet.doPut(FrameworkServlet.java:925)
	at jakarta.servlet.http.HttpServlet.service(HttpServlet.java:593)
	at org.springframework.web.servlet.FrameworkServlet.service(FrameworkServlet.java:885)
	at jakarta.servlet.http.HttpServlet.service(HttpServlet.java:658)
	at org.apache.catalina.core.ApplicationFilterChain.internalDoFilter(ApplicationFilterChain.java:205)
	at org.apache.catalina.core.ApplicationFilterChain.doFilter(ApplicationFilterChain.java:149)
	at org.apache.tomcat.websocket.server.WsFilter.doFilter(WsFilter.java:51)
	at org.apache.catalina.core.ApplicationFilterChain.internalDoFilter(ApplicationFilterChain.java:174)
	at org.apache.catalina.core.ApplicationFilterChain.doFilter(ApplicationFilterChain.java:149)
	at org.springframework.web.filter.RequestContextFilter.doFilterInternal(RequestContextFilter.java:100)
	at org.springframework.web.filter.OncePerRequestFilter.doFilter(OncePerRequestFilter.java:116)
	at org.apache.catalina.core.ApplicationFilterChain.internalDoFilter(ApplicationFilterChain.java:174)
	at org.apache.catalina.core.ApplicationFilterChain.doFilter(ApplicationFilterChain.java:149)
	at org.springframework.web.filter.FormContentFilter.doFilterInternal(FormContentFilter.java:93)
	at org.springframework.web.filter.OncePerRequestFilter.doFilter(OncePerRequestFilter.java:116)
	at org.apache.catalina.core.ApplicationFilterChain.internalDoFilter(ApplicationFilterChain.java:174)
	at org.apache.catalina.core.ApplicationFilterChain.doFilter(ApplicationFilterChain.java:149)
	at org.springframework.web.filter.CharacterEncodingFilter.doFilterInternal(CharacterEncodingFilter.java:201)
	at org.springframework.web.filter.OncePerRequestFilter.doFilter(OncePerRequestFilter.java:116)
	at org.apache.catalina.core.ApplicationFilterChain.internalDoFilter(ApplicationFilterChain.java:174)
	at org.apache.catalina.core.ApplicationFilterChain.doFilter(ApplicationFilterChain.java:149)
	at org.apache.catalina.core.StandardWrapperValve.invoke(StandardWrapperValve.java:167)
	at org.apache.catalina.core.StandardContextValve.invoke(StandardContextValve.java:90)
	at org.apache.catalina.authenticator.AuthenticatorBase.invoke(AuthenticatorBase.java:482)
	at org.apache.catalina.core.StandardHostValve.invoke(StandardHostValve.java:115)
	at org.apache.catalina.valves.ErrorReportValve.invoke(ErrorReportValve.java:93)
	at org.apache.catalina.core.StandardEngineValve.invoke(StandardEngineValve.java:74)
	at org.apache.catalina.connector.CoyoteAdapter.service(CoyoteAdapter.java:340)
	at org.apache.coyote.http11.Http11Processor.service(Http11Processor.java:391)
	at org.apache.coyote.AbstractProcessorLight.process(AbstractProcessorLight.java:63)
	at org.apache.coyote.AbstractProtocol$ConnectionHandler.process(AbstractProtocol.java:896)
	at org.apache.tomcat.util.net.NioEndpoint$SocketProcessor.doRun(NioEndpoint.java:1744)
	at org.apache.tomcat.util.net.SocketProcessorBase.run(SocketProcessorBase.java:52)
	at org.apache.tomcat.util.threads.ThreadPoolExecutor.runWorker(ThreadPoolExecutor.java:1191)
	at org.apache.tomcat.util.threads.ThreadPoolExecutor$Worker.run(ThreadPoolExecutor.java:659)
	at org.apache.tomcat.util.threads.TaskThread$WrappingRunnable.run(TaskThread.java:61)
	at java.base/java.lang.Thread.run(Thread.java:1589)
2023-11-05 00:18:43,569 INFO o.s.o.j.AbstractEntityManagerFactoryBean [SpringApplicationShutdownHook] Closing JPA EntityManagerFactory for persistence unit 'default'
2023-11-05 00:18:43,572 INFO c.z.h.HikariDataSource [SpringApplicationShutdownHook] HikariPool-1 - Shutdown initiated...
2023-11-05 00:18:43,584 INFO c.z.h.HikariDataSource [SpringApplicationShutdownHook] HikariPool-1 - Shutdown completed.
2023-11-05 00:18:48,282 INFO o.s.b.StartupInfoLogger [main] Starting SpringWebRestCh5Application using Java 19.0.2 with PID 11851 (/home/afansyarifudin/Project/java_synrgy_exercise/SpringWebRest_ch5/target/classes started by afansyarifudin in /home/afansyarifudin/Project/java_synrgy_exercise/SpringWebRest_ch5)
2023-11-05 00:18:48,284 INFO o.s.b.SpringApplication [main] No active profile set, falling back to 1 default profile: "default"
2023-11-05 00:18:48,853 INFO o.s.d.r.c.RepositoryConfigurationDelegate [main] Bootstrapping Spring Data JPA repositories in DEFAULT mode.
2023-11-05 00:18:48,916 INFO o.s.d.r.c.RepositoryConfigurationDelegate [main] Finished Spring Data repository scanning in 56 ms. Found 5 JPA repository interfaces.
2023-11-05 00:18:49,360 INFO o.s.b.w.e.t.TomcatWebServer [main] Tomcat initialized with port(s): 8080 (http)
2023-11-05 00:18:49,368 INFO o.a.j.l.DirectJDKLog [main] Initializing ProtocolHandler ["http-nio-8080"]
2023-11-05 00:18:49,370 INFO o.a.j.l.DirectJDKLog [main] Starting service [Tomcat]
2023-11-05 00:18:49,370 INFO o.a.j.l.DirectJDKLog [main] Starting Servlet engine: [Apache Tomcat/10.1.15]
2023-11-05 00:18:49,437 INFO o.a.j.l.DirectJDKLog [main] Initializing Spring embedded WebApplicationContext
2023-11-05 00:18:49,437 INFO o.s.b.w.s.c.ServletWebServerApplicationContext [main] Root WebApplicationContext: initialization completed in 1103 ms
2023-11-05 00:18:49,588 INFO o.h.j.i.u.LogHelper [main] HHH000204: Processing PersistenceUnitInfo [name: default]
2023-11-05 00:18:49,630 INFO o.h.Version [main] HHH000412: Hibernate ORM core version 6.2.13.Final
2023-11-05 00:18:49,632 INFO o.h.c.Environment [main] HHH000406: Using bytecode reflection optimizer
2023-11-05 00:18:49,843 INFO o.s.o.j.p.SpringPersistenceUnitInfo [main] No LoadTimeWeaver setup: ignoring JPA class transformer
2023-11-05 00:18:49,864 INFO c.z.h.HikariDataSource [main] HikariPool-1 - Starting...
2023-11-05 00:18:50,121 INFO c.z.h.p.HikariPool [main] HikariPool-1 - Added connection org.postgresql.jdbc.PgConnection@30eedaa4
2023-11-05 00:18:50,122 INFO c.z.h.HikariDataSource [main] HikariPool-1 - Start completed.
2023-11-05 00:18:50,148 WARN o.h.e.j.d.i.DialectFactoryImpl [main] HHH90000025: PostgreSQLDialect does not need to be specified explicitly using 'hibernate.dialect' (remove the property setting and it will be selected by default)
2023-11-05 00:18:50,972 INFO o.h.e.t.j.p.i.JtaPlatformInitiator [main] HHH000489: No JTA platform available (set 'hibernate.transaction.jta.platform' to enable JTA platform integration)
2023-11-05 00:18:51,118 INFO o.s.o.j.AbstractEntityManagerFactoryBean [main] Initialized JPA EntityManagerFactory for persistence unit 'default'
2023-11-05 00:18:51,414 WARN o.s.b.a.o.j.JpaBaseConfiguration$JpaWebConfiguration [main] spring.jpa.open-in-view is enabled by default. Therefore, database queries may be performed during view rendering. Explicitly configure spring.jpa.open-in-view to disable this warning
2023-11-05 00:18:51,795 INFO o.a.j.l.DirectJDKLog [main] Starting ProtocolHandler ["http-nio-8080"]
2023-11-05 00:18:51,808 INFO o.s.b.w.e.t.TomcatWebServer [main] Tomcat started on port(s): 8080 (http) with context path ''
2023-11-05 00:18:51,818 INFO o.s.b.StartupInfoLogger [main] Started SpringWebRestCh5Application in 3.998 seconds (process running for 4.543)
2023-11-05 00:18:57,272 INFO o.a.j.l.DirectJDKLog [http-nio-8080-exec-2] Initializing Spring DispatcherServlet 'dispatcherServlet'
2023-11-05 00:18:57,274 INFO o.s.w.s.FrameworkServlet [http-nio-8080-exec-2] Initializing Servlet 'dispatcherServlet'
2023-11-05 00:18:57,275 INFO o.s.w.s.FrameworkServlet [http-nio-8080-exec-2] Completed initialization in 1 ms
2023-11-05 00:19:35,897 INFO o.s.o.j.AbstractEntityManagerFactoryBean [SpringApplicationShutdownHook] Closing JPA EntityManagerFactory for persistence unit 'default'
2023-11-05 00:19:35,899 INFO c.z.h.HikariDataSource [SpringApplicationShutdownHook] HikariPool-1 - Shutdown initiated...
2023-11-05 00:19:35,911 INFO c.z.h.HikariDataSource [SpringApplicationShutdownHook] HikariPool-1 - Shutdown completed.
2023-11-05 00:19:38,535 INFO o.s.b.StartupInfoLogger [main] Starting SpringWebRestCh5Application using Java 19.0.2 with PID 12045 (/home/afansyarifudin/Project/java_synrgy_exercise/SpringWebRest_ch5/target/classes started by afansyarifudin in /home/afansyarifudin/Project/java_synrgy_exercise/SpringWebRest_ch5)
2023-11-05 00:19:38,538 INFO o.s.b.SpringApplication [main] No active profile set, falling back to 1 default profile: "default"
2023-11-05 00:19:39,167 INFO o.s.d.r.c.RepositoryConfigurationDelegate [main] Bootstrapping Spring Data JPA repositories in DEFAULT mode.
2023-11-05 00:19:39,262 INFO o.s.d.r.c.RepositoryConfigurationDelegate [main] Finished Spring Data repository scanning in 87 ms. Found 5 JPA repository interfaces.
2023-11-05 00:19:39,780 INFO o.s.b.w.e.t.TomcatWebServer [main] Tomcat initialized with port(s): 8080 (http)
2023-11-05 00:19:39,789 INFO o.a.j.l.DirectJDKLog [main] Initializing ProtocolHandler ["http-nio-8080"]
2023-11-05 00:19:39,791 INFO o.a.j.l.DirectJDKLog [main] Starting service [Tomcat]
2023-11-05 00:19:39,792 INFO o.a.j.l.DirectJDKLog [main] Starting Servlet engine: [Apache Tomcat/10.1.15]
2023-11-05 00:19:39,870 INFO o.a.j.l.DirectJDKLog [main] Initializing Spring embedded WebApplicationContext
2023-11-05 00:19:39,871 INFO o.s.b.w.s.c.ServletWebServerApplicationContext [main] Root WebApplicationContext: initialization completed in 1280 ms
2023-11-05 00:19:40,034 INFO o.h.j.i.u.LogHelper [main] HHH000204: Processing PersistenceUnitInfo [name: default]
2023-11-05 00:19:40,082 INFO o.h.Version [main] HHH000412: Hibernate ORM core version 6.2.13.Final
2023-11-05 00:19:40,084 INFO o.h.c.Environment [main] HHH000406: Using bytecode reflection optimizer
2023-11-05 00:19:40,342 INFO o.s.o.j.p.SpringPersistenceUnitInfo [main] No LoadTimeWeaver setup: ignoring JPA class transformer
2023-11-05 00:19:40,368 INFO c.z.h.HikariDataSource [main] HikariPool-1 - Starting...
2023-11-05 00:19:40,671 INFO c.z.h.p.HikariPool [main] HikariPool-1 - Added connection org.postgresql.jdbc.PgConnection@5834198f
2023-11-05 00:19:40,672 INFO c.z.h.HikariDataSource [main] HikariPool-1 - Start completed.
2023-11-05 00:19:40,701 WARN o.h.e.j.d.i.DialectFactoryImpl [main] HHH90000025: PostgreSQLDialect does not need to be specified explicitly using 'hibernate.dialect' (remove the property setting and it will be selected by default)
2023-11-05 00:19:41,646 INFO o.h.e.t.j.p.i.JtaPlatformInitiator [main] HHH000489: No JTA platform available (set 'hibernate.transaction.jta.platform' to enable JTA platform integration)
2023-11-05 00:19:41,801 INFO o.s.o.j.AbstractEntityManagerFactoryBean [main] Initialized JPA EntityManagerFactory for persistence unit 'default'
2023-11-05 00:19:42,189 WARN o.s.b.a.o.j.JpaBaseConfiguration$JpaWebConfiguration [main] spring.jpa.open-in-view is enabled by default. Therefore, database queries may be performed during view rendering. Explicitly configure spring.jpa.open-in-view to disable this warning
2023-11-05 00:19:42,614 INFO o.a.j.l.DirectJDKLog [main] Starting ProtocolHandler ["http-nio-8080"]
2023-11-05 00:19:42,628 INFO o.s.b.w.e.t.TomcatWebServer [main] Tomcat started on port(s): 8080 (http) with context path ''
2023-11-05 00:19:42,638 INFO o.s.b.StartupInfoLogger [main] Started SpringWebRestCh5Application in 4.652 seconds (process running for 5.735)
2023-11-05 00:21:23,623 INFO o.a.j.l.DirectJDKLog [http-nio-8080-exec-2] Initializing Spring DispatcherServlet 'dispatcherServlet'
2023-11-05 00:21:23,624 INFO o.s.w.s.FrameworkServlet [http-nio-8080-exec-2] Initializing Servlet 'dispatcherServlet'
2023-11-05 00:21:23,625 INFO o.s.w.s.FrameworkServlet [http-nio-8080-exec-2] Completed initialization in 1 ms
2023-11-05 00:24:01,538 WARN c.z.h.p.HikariPool$HouseKeeper [HikariPool-1 housekeeper] HikariPool-1 - Thread starvation or clock leap detected (housekeeper delta=2m50s763ms781µs810ns).
2023-11-05 00:24:01,698 INFO o.s.o.j.AbstractEntityManagerFactoryBean [SpringApplicationShutdownHook] Closing JPA EntityManagerFactory for persistence unit 'default'
2023-11-05 00:24:01,701 INFO c.z.h.HikariDataSource [SpringApplicationShutdownHook] HikariPool-1 - Shutdown initiated...
2023-11-05 00:24:01,716 INFO c.z.h.HikariDataSource [SpringApplicationShutdownHook] HikariPool-1 - Shutdown completed.
2023-11-05 00:24:03,904 INFO o.s.b.StartupInfoLogger [main] Starting SpringWebRestCh5Application using Java 19.0.2 with PID 12324 (/home/afansyarifudin/Project/java_synrgy_exercise/SpringWebRest_ch5/target/classes started by afansyarifudin in /home/afansyarifudin/Project/java_synrgy_exercise/SpringWebRest_ch5)
2023-11-05 00:24:03,907 INFO o.s.b.SpringApplication [main] No active profile set, falling back to 1 default profile: "default"
2023-11-05 00:24:04,511 INFO o.s.d.r.c.RepositoryConfigurationDelegate [main] Bootstrapping Spring Data JPA repositories in DEFAULT mode.
2023-11-05 00:24:04,600 INFO o.s.d.r.c.RepositoryConfigurationDelegate [main] Finished Spring Data repository scanning in 82 ms. Found 5 JPA repository interfaces.
2023-11-05 00:24:05,075 INFO o.s.b.w.e.t.TomcatWebServer [main] Tomcat initialized with port(s): 8080 (http)
2023-11-05 00:24:05,084 INFO o.a.j.l.DirectJDKLog [main] Initializing ProtocolHandler ["http-nio-8080"]
2023-11-05 00:24:05,087 INFO o.a.j.l.DirectJDKLog [main] Starting service [Tomcat]
2023-11-05 00:24:05,087 INFO o.a.j.l.DirectJDKLog [main] Starting Servlet engine: [Apache Tomcat/10.1.15]
2023-11-05 00:24:05,159 INFO o.a.j.l.DirectJDKLog [main] Initializing Spring embedded WebApplicationContext
2023-11-05 00:24:05,159 INFO o.s.b.w.s.c.ServletWebServerApplicationContext [main] Root WebApplicationContext: initialization completed in 1203 ms
2023-11-05 00:24:05,323 INFO o.h.j.i.u.LogHelper [main] HHH000204: Processing PersistenceUnitInfo [name: default]
2023-11-05 00:24:05,372 INFO o.h.Version [main] HHH000412: Hibernate ORM core version 6.2.13.Final
2023-11-05 00:24:05,374 INFO o.h.c.Environment [main] HHH000406: Using bytecode reflection optimizer
2023-11-05 00:24:05,620 INFO o.s.o.j.p.SpringPersistenceUnitInfo [main] No LoadTimeWeaver setup: ignoring JPA class transformer
2023-11-05 00:24:05,647 INFO c.z.h.HikariDataSource [main] HikariPool-1 - Starting...
2023-11-05 00:24:05,942 INFO c.z.h.p.HikariPool [main] HikariPool-1 - Added connection org.postgresql.jdbc.PgConnection@395281c2
2023-11-05 00:24:05,944 INFO c.z.h.HikariDataSource [main] HikariPool-1 - Start completed.
2023-11-05 00:24:05,974 WARN o.h.e.j.d.i.DialectFactoryImpl [main] HHH90000025: PostgreSQLDialect does not need to be specified explicitly using 'hibernate.dialect' (remove the property setting and it will be selected by default)
2023-11-05 00:24:06,931 INFO o.h.e.t.j.p.i.JtaPlatformInitiator [main] HHH000489: No JTA platform available (set 'hibernate.transaction.jta.platform' to enable JTA platform integration)
2023-11-05 00:24:07,091 INFO o.s.o.j.AbstractEntityManagerFactoryBean [main] Initialized JPA EntityManagerFactory for persistence unit 'default'
2023-11-05 00:24:07,417 WARN o.s.b.a.o.j.JpaBaseConfiguration$JpaWebConfiguration [main] spring.jpa.open-in-view is enabled by default. Therefore, database queries may be performed during view rendering. Explicitly configure spring.jpa.open-in-view to disable this warning
2023-11-05 00:24:07,837 INFO o.a.j.l.DirectJDKLog [main] Starting ProtocolHandler ["http-nio-8080"]
2023-11-05 00:24:07,852 INFO o.s.b.w.e.t.TomcatWebServer [main] Tomcat started on port(s): 8080 (http) with context path ''
2023-11-05 00:24:07,862 INFO o.s.b.StartupInfoLogger [main] Started SpringWebRestCh5Application in 4.523 seconds (process running for 5.282)
2023-11-05 00:24:12,522 INFO o.a.j.l.DirectJDKLog [http-nio-8080-exec-2] Initializing Spring DispatcherServlet 'dispatcherServlet'
2023-11-05 00:24:12,523 INFO o.s.w.s.FrameworkServlet [http-nio-8080-exec-2] Initializing Servlet 'dispatcherServlet'
2023-11-05 00:24:12,525 INFO o.s.w.s.FrameworkServlet [http-nio-8080-exec-2] Completed initialization in 2 ms
2023-11-05 00:25:35,214 WARN c.z.h.p.HikariPool$HouseKeeper [HikariPool-1 housekeeper] HikariPool-1 - Thread starvation or clock leap detected (housekeeper delta=1m29s169ms553µs257ns).
2023-11-05 00:25:35,370 INFO o.s.o.j.AbstractEntityManagerFactoryBean [SpringApplicationShutdownHook] Closing JPA EntityManagerFactory for persistence unit 'default'
2023-11-05 00:25:35,374 INFO c.z.h.HikariDataSource [SpringApplicationShutdownHook] HikariPool-1 - Shutdown initiated...
2023-11-05 00:25:35,389 INFO c.z.h.HikariDataSource [SpringApplicationShutdownHook] HikariPool-1 - Shutdown completed.
2023-11-05 00:25:37,552 INFO o.s.b.StartupInfoLogger [main] Starting SpringWebRestCh5Application using Java 19.0.2 with PID 12510 (/home/afansyarifudin/Project/java_synrgy_exercise/SpringWebRest_ch5/target/classes started by afansyarifudin in /home/afansyarifudin/Project/java_synrgy_exercise/SpringWebRest_ch5)
2023-11-05 00:25:37,554 INFO o.s.b.SpringApplication [main] No active profile set, falling back to 1 default profile: "default"
2023-11-05 00:25:38,155 INFO o.s.d.r.c.RepositoryConfigurationDelegate [main] Bootstrapping Spring Data JPA repositories in DEFAULT mode.
2023-11-05 00:25:38,236 INFO o.s.d.r.c.RepositoryConfigurationDelegate [main] Finished Spring Data repository scanning in 74 ms. Found 5 JPA repository interfaces.
2023-11-05 00:25:38,738 INFO o.s.b.w.e.t.TomcatWebServer [main] Tomcat initialized with port(s): 8080 (http)
2023-11-05 00:25:38,747 INFO o.a.j.l.DirectJDKLog [main] Initializing ProtocolHandler ["http-nio-8080"]
2023-11-05 00:25:38,749 INFO o.a.j.l.DirectJDKLog [main] Starting service [Tomcat]
2023-11-05 00:25:38,749 INFO o.a.j.l.DirectJDKLog [main] Starting Servlet engine: [Apache Tomcat/10.1.15]
2023-11-05 00:25:38,823 INFO o.a.j.l.DirectJDKLog [main] Initializing Spring embedded WebApplicationContext
2023-11-05 00:25:38,823 INFO o.s.b.w.s.c.ServletWebServerApplicationContext [main] Root WebApplicationContext: initialization completed in 1223 ms
2023-11-05 00:25:38,979 INFO o.h.j.i.u.LogHelper [main] HHH000204: Processing PersistenceUnitInfo [name: default]
2023-11-05 00:25:39,024 INFO o.h.Version [main] HHH000412: Hibernate ORM core version 6.2.13.Final
2023-11-05 00:25:39,026 INFO o.h.c.Environment [main] HHH000406: Using bytecode reflection optimizer
2023-11-05 00:25:39,279 INFO o.s.o.j.p.SpringPersistenceUnitInfo [main] No LoadTimeWeaver setup: ignoring JPA class transformer
2023-11-05 00:25:39,304 INFO c.z.h.HikariDataSource [main] HikariPool-1 - Starting...
2023-11-05 00:25:39,603 INFO c.z.h.p.HikariPool [main] HikariPool-1 - Added connection org.postgresql.jdbc.PgConnection@1573e8a5
2023-11-05 00:25:39,606 INFO c.z.h.HikariDataSource [main] HikariPool-1 - Start completed.
2023-11-05 00:25:39,636 WARN o.h.e.j.d.i.DialectFactoryImpl [main] HHH90000025: PostgreSQLDialect does not need to be specified explicitly using 'hibernate.dialect' (remove the property setting and it will be selected by default)
2023-11-05 00:25:40,589 INFO o.h.e.t.j.p.i.JtaPlatformInitiator [main] HHH000489: No JTA platform available (set 'hibernate.transaction.jta.platform' to enable JTA platform integration)
2023-11-05 00:25:40,746 INFO o.s.o.j.AbstractEntityManagerFactoryBean [main] Initialized JPA EntityManagerFactory for persistence unit 'default'
2023-11-05 00:25:41,067 WARN o.s.b.a.o.j.JpaBaseConfiguration$JpaWebConfiguration [main] spring.jpa.open-in-view is enabled by default. Therefore, database queries may be performed during view rendering. Explicitly configure spring.jpa.open-in-view to disable this warning
2023-11-05 00:25:41,485 INFO o.a.j.l.DirectJDKLog [main] Starting ProtocolHandler ["http-nio-8080"]
2023-11-05 00:25:41,500 INFO o.s.b.w.e.t.TomcatWebServer [main] Tomcat started on port(s): 8080 (http) with context path ''
2023-11-05 00:25:41,511 INFO o.s.b.StartupInfoLogger [main] Started SpringWebRestCh5Application in 4.488 seconds (process running for 5.209)
2023-11-05 00:25:48,276 INFO o.a.j.l.DirectJDKLog [http-nio-8080-exec-2] Initializing Spring DispatcherServlet 'dispatcherServlet'
2023-11-05 00:25:48,277 INFO o.s.w.s.FrameworkServlet [http-nio-8080-exec-2] Initializing Servlet 'dispatcherServlet'
2023-11-05 00:25:48,278 INFO o.s.w.s.FrameworkServlet [http-nio-8080-exec-2] Completed initialization in 1 ms
2023-11-05 00:29:09,763 WARN c.z.h.p.HikariPool$HouseKeeper [HikariPool-1 housekeeper] HikariPool-1 - Thread starvation or clock leap detected (housekeeper delta=3m30s57ms344µs897ns).
2023-11-05 00:29:09,930 INFO o.s.o.j.AbstractEntityManagerFactoryBean [SpringApplicationShutdownHook] Closing JPA EntityManagerFactory for persistence unit 'default'
2023-11-05 00:29:09,934 INFO c.z.h.HikariDataSource [SpringApplicationShutdownHook] HikariPool-1 - Shutdown initiated...
2023-11-05 00:29:09,949 INFO c.z.h.HikariDataSource [SpringApplicationShutdownHook] HikariPool-1 - Shutdown completed.
2023-11-05 00:31:42,868 INFO o.s.b.StartupInfoLogger [main] Starting SpringWebRestCh5Application using Java 19.0.2 with PID 12795 (/home/afansyarifudin/Project/java_synrgy_exercise/SpringWebRest_ch5/target/classes started by afansyarifudin in /home/afansyarifudin/Project/java_synrgy_exercise/SpringWebRest_ch5)
2023-11-05 00:31:42,871 INFO o.s.b.SpringApplication [main] No active profile set, falling back to 1 default profile: "default"
2023-11-05 00:31:43,498 INFO o.s.d.r.c.RepositoryConfigurationDelegate [main] Bootstrapping Spring Data JPA repositories in DEFAULT mode.
2023-11-05 00:31:43,588 INFO o.s.d.r.c.RepositoryConfigurationDelegate [main] Finished Spring Data repository scanning in 83 ms. Found 5 JPA repository interfaces.
2023-11-05 00:31:44,075 INFO o.s.b.w.e.t.TomcatWebServer [main] Tomcat initialized with port(s): 8080 (http)
2023-11-05 00:31:44,083 INFO o.a.j.l.DirectJDKLog [main] Initializing ProtocolHandler ["http-nio-8080"]
2023-11-05 00:31:44,085 INFO o.a.j.l.DirectJDKLog [main] Starting service [Tomcat]
2023-11-05 00:31:44,086 INFO o.a.j.l.DirectJDKLog [main] Starting Servlet engine: [Apache Tomcat/10.1.15]
2023-11-05 00:31:44,160 INFO o.a.j.l.DirectJDKLog [main] Initializing Spring embedded WebApplicationContext
2023-11-05 00:31:44,161 INFO o.s.b.w.s.c.ServletWebServerApplicationContext [main] Root WebApplicationContext: initialization completed in 1237 ms
2023-11-05 00:31:44,322 INFO o.h.j.i.u.LogHelper [main] HHH000204: Processing PersistenceUnitInfo [name: default]
2023-11-05 00:31:44,367 INFO o.h.Version [main] HHH000412: Hibernate ORM core version 6.2.13.Final
2023-11-05 00:31:44,369 INFO o.h.c.Environment [main] HHH000406: Using bytecode reflection optimizer
2023-11-05 00:31:44,619 INFO o.s.o.j.p.SpringPersistenceUnitInfo [main] No LoadTimeWeaver setup: ignoring JPA class transformer
2023-11-05 00:31:44,645 INFO c.z.h.HikariDataSource [main] HikariPool-1 - Starting...
2023-11-05 00:31:44,945 INFO c.z.h.p.HikariPool [main] HikariPool-1 - Added connection org.postgresql.jdbc.PgConnection@402d6012
2023-11-05 00:31:44,947 INFO c.z.h.HikariDataSource [main] HikariPool-1 - Start completed.
2023-11-05 00:31:44,984 WARN o.h.e.j.d.i.DialectFactoryImpl [main] HHH90000025: PostgreSQLDialect does not need to be specified explicitly using 'hibernate.dialect' (remove the property setting and it will be selected by default)
2023-11-05 00:31:45,936 INFO o.h.e.t.j.p.i.JtaPlatformInitiator [main] HHH000489: No JTA platform available (set 'hibernate.transaction.jta.platform' to enable JTA platform integration)
2023-11-05 00:31:46,095 INFO o.s.o.j.AbstractEntityManagerFactoryBean [main] Initialized JPA EntityManagerFactory for persistence unit 'default'
2023-11-05 00:31:46,431 WARN o.s.b.a.o.j.JpaBaseConfiguration$JpaWebConfiguration [main] spring.jpa.open-in-view is enabled by default. Therefore, database queries may be performed during view rendering. Explicitly configure spring.jpa.open-in-view to disable this warning
2023-11-05 00:31:46,851 INFO o.a.j.l.DirectJDKLog [main] Starting ProtocolHandler ["http-nio-8080"]
2023-11-05 00:31:46,866 INFO o.s.b.w.e.t.TomcatWebServer [main] Tomcat started on port(s): 8080 (http) with context path ''
2023-11-05 00:31:46,877 INFO o.s.b.StartupInfoLogger [main] Started SpringWebRestCh5Application in 4.523 seconds (process running for 5.149)
2023-11-05 00:31:50,949 INFO o.a.j.l.DirectJDKLog [http-nio-8080-exec-2] Initializing Spring DispatcherServlet 'dispatcherServlet'
2023-11-05 00:31:50,949 INFO o.s.w.s.FrameworkServlet [http-nio-8080-exec-2] Initializing Servlet 'dispatcherServlet'
2023-11-05 00:31:50,951 INFO o.s.w.s.FrameworkServlet [http-nio-8080-exec-2] Completed initialization in 2 ms
2023-11-05 00:32:17,277 INFO o.s.o.j.AbstractEntityManagerFactoryBean [SpringApplicationShutdownHook] Closing JPA EntityManagerFactory for persistence unit 'default'
2023-11-05 00:32:17,282 INFO c.z.h.HikariDataSource [SpringApplicationShutdownHook] HikariPool-1 - Shutdown initiated...
2023-11-05 00:32:17,298 INFO c.z.h.HikariDataSource [SpringApplicationShutdownHook] HikariPool-1 - Shutdown completed.
2023-11-05 00:32:20,067 INFO o.s.b.StartupInfoLogger [main] Starting SpringWebRestCh5Application using Java 19.0.2 with PID 12940 (/home/afansyarifudin/Project/java_synrgy_exercise/SpringWebRest_ch5/target/classes started by afansyarifudin in /home/afansyarifudin/Project/java_synrgy_exercise/SpringWebRest_ch5)
2023-11-05 00:32:20,070 INFO o.s.b.SpringApplication [main] No active profile set, falling back to 1 default profile: "default"
2023-11-05 00:32:20,641 INFO o.s.d.r.c.RepositoryConfigurationDelegate [main] Bootstrapping Spring Data JPA repositories in DEFAULT mode.
2023-11-05 00:32:20,704 INFO o.s.d.r.c.RepositoryConfigurationDelegate [main] Finished Spring Data repository scanning in 56 ms. Found 5 JPA repository interfaces.
2023-11-05 00:32:21,147 INFO o.s.b.w.e.t.TomcatWebServer [main] Tomcat initialized with port(s): 8080 (http)
2023-11-05 00:32:21,155 INFO o.a.j.l.DirectJDKLog [main] Initializing ProtocolHandler ["http-nio-8080"]
2023-11-05 00:32:21,157 INFO o.a.j.l.DirectJDKLog [main] Starting service [Tomcat]
2023-11-05 00:32:21,157 INFO o.a.j.l.DirectJDKLog [main] Starting Servlet engine: [Apache Tomcat/10.1.15]
2023-11-05 00:32:21,222 INFO o.a.j.l.DirectJDKLog [main] Initializing Spring embedded WebApplicationContext
2023-11-05 00:32:21,223 INFO o.s.b.w.s.c.ServletWebServerApplicationContext [main] Root WebApplicationContext: initialization completed in 1106 ms
2023-11-05 00:32:21,369 INFO o.h.j.i.u.LogHelper [main] HHH000204: Processing PersistenceUnitInfo [name: default]
2023-11-05 00:32:21,411 INFO o.h.Version [main] HHH000412: Hibernate ORM core version 6.2.13.Final
2023-11-05 00:32:21,413 INFO o.h.c.Environment [main] HHH000406: Using bytecode reflection optimizer
2023-11-05 00:32:21,629 INFO o.s.o.j.p.SpringPersistenceUnitInfo [main] No LoadTimeWeaver setup: ignoring JPA class transformer
2023-11-05 00:32:21,649 INFO c.z.h.HikariDataSource [main] HikariPool-1 - Starting...
2023-11-05 00:32:21,906 INFO c.z.h.p.HikariPool [main] HikariPool-1 - Added connection org.postgresql.jdbc.PgConnection@46702c26
2023-11-05 00:32:21,907 INFO c.z.h.HikariDataSource [main] HikariPool-1 - Start completed.
2023-11-05 00:32:21,933 WARN o.h.e.j.d.i.DialectFactoryImpl [main] HHH90000025: PostgreSQLDialect does not need to be specified explicitly using 'hibernate.dialect' (remove the property setting and it will be selected by default)
2023-11-05 00:32:22,766 INFO o.h.e.t.j.p.i.JtaPlatformInitiator [main] HHH000489: No JTA platform available (set 'hibernate.transaction.jta.platform' to enable JTA platform integration)
2023-11-05 00:32:22,910 INFO o.s.o.j.AbstractEntityManagerFactoryBean [main] Initialized JPA EntityManagerFactory for persistence unit 'default'
2023-11-05 00:32:23,203 WARN o.s.b.a.o.j.JpaBaseConfiguration$JpaWebConfiguration [main] spring.jpa.open-in-view is enabled by default. Therefore, database queries may be performed during view rendering. Explicitly configure spring.jpa.open-in-view to disable this warning
2023-11-05 00:32:23,596 INFO o.a.j.l.DirectJDKLog [main] Starting ProtocolHandler ["http-nio-8080"]
2023-11-05 00:32:23,609 INFO o.s.b.w.e.t.TomcatWebServer [main] Tomcat started on port(s): 8080 (http) with context path ''
2023-11-05 00:32:23,618 INFO o.s.b.StartupInfoLogger [main] Started SpringWebRestCh5Application in 4.015 seconds (process running for 4.499)
2023-11-05 00:32:31,619 INFO o.a.j.l.DirectJDKLog [http-nio-8080-exec-1] Initializing Spring DispatcherServlet 'dispatcherServlet'
2023-11-05 00:32:31,620 INFO o.s.w.s.FrameworkServlet [http-nio-8080-exec-1] Initializing Servlet 'dispatcherServlet'
2023-11-05 00:32:31,622 INFO o.s.w.s.FrameworkServlet [http-nio-8080-exec-1] Completed initialization in 2 ms
2023-11-05 00:37:05,103 INFO o.s.o.j.AbstractEntityManagerFactoryBean [SpringApplicationShutdownHook] Closing JPA EntityManagerFactory for persistence unit 'default'
2023-11-05 00:37:05,105 INFO c.z.h.HikariDataSource [SpringApplicationShutdownHook] HikariPool-1 - Shutdown initiated...
2023-11-05 00:37:05,119 INFO c.z.h.HikariDataSource [SpringApplicationShutdownHook] HikariPool-1 - Shutdown completed.
2023-11-05 00:37:08,408 INFO o.s.b.StartupInfoLogger [main] Starting SpringWebRestCh5Application using Java 19.0.2 with PID 13259 (/home/afansyarifudin/Project/java_synrgy_exercise/SpringWebRest_ch5/target/classes started by afansyarifudin in /home/afansyarifudin/Project/java_synrgy_exercise/SpringWebRest_ch5)
2023-11-05 00:37:08,411 INFO o.s.b.SpringApplication [main] No active profile set, falling back to 1 default profile: "default"
2023-11-05 00:37:08,977 INFO o.s.d.r.c.RepositoryConfigurationDelegate [main] Bootstrapping Spring Data JPA repositories in DEFAULT mode.
2023-11-05 00:37:09,038 INFO o.s.d.r.c.RepositoryConfigurationDelegate [main] Finished Spring Data repository scanning in 55 ms. Found 5 JPA repository interfaces.
2023-11-05 00:37:09,477 INFO o.s.b.w.e.t.TomcatWebServer [main] Tomcat initialized with port(s): 8080 (http)
2023-11-05 00:37:09,485 INFO o.a.j.l.DirectJDKLog [main] Initializing ProtocolHandler ["http-nio-8080"]
2023-11-05 00:37:09,487 INFO o.a.j.l.DirectJDKLog [main] Starting service [Tomcat]
2023-11-05 00:37:09,487 INFO o.a.j.l.DirectJDKLog [main] Starting Servlet engine: [Apache Tomcat/10.1.15]
2023-11-05 00:37:09,552 INFO o.a.j.l.DirectJDKLog [main] Initializing Spring embedded WebApplicationContext
2023-11-05 00:37:09,552 INFO o.s.b.w.s.c.ServletWebServerApplicationContext [main] Root WebApplicationContext: initialization completed in 1093 ms
2023-11-05 00:37:09,687 INFO o.h.j.i.u.LogHelper [main] HHH000204: Processing PersistenceUnitInfo [name: default]
2023-11-05 00:37:09,735 INFO o.h.Version [main] HHH000412: Hibernate ORM core version 6.2.13.Final
2023-11-05 00:37:09,738 INFO o.h.c.Environment [main] HHH000406: Using bytecode reflection optimizer
2023-11-05 00:37:09,948 INFO o.s.o.j.p.SpringPersistenceUnitInfo [main] No LoadTimeWeaver setup: ignoring JPA class transformer
2023-11-05 00:37:09,969 INFO c.z.h.HikariDataSource [main] HikariPool-1 - Starting...
2023-11-05 00:37:10,229 INFO c.z.h.p.HikariPool [main] HikariPool-1 - Added connection org.postgresql.jdbc.PgConnection@46702c26
2023-11-05 00:37:10,231 INFO c.z.h.HikariDataSource [main] HikariPool-1 - Start completed.
2023-11-05 00:37:10,259 WARN o.h.e.j.d.i.DialectFactoryImpl [main] HHH90000025: PostgreSQLDialect does not need to be specified explicitly using 'hibernate.dialect' (remove the property setting and it will be selected by default)
2023-11-05 00:37:11,092 INFO o.h.e.t.j.p.i.JtaPlatformInitiator [main] HHH000489: No JTA platform available (set 'hibernate.transaction.jta.platform' to enable JTA platform integration)
2023-11-05 00:37:11,234 INFO o.s.o.j.AbstractEntityManagerFactoryBean [main] Initialized JPA EntityManagerFactory for persistence unit 'default'
2023-11-05 00:37:11,519 WARN o.s.b.a.o.j.JpaBaseConfiguration$JpaWebConfiguration [main] spring.jpa.open-in-view is enabled by default. Therefore, database queries may be performed during view rendering. Explicitly configure spring.jpa.open-in-view to disable this warning
2023-11-05 00:37:11,904 INFO o.a.j.l.DirectJDKLog [main] Starting ProtocolHandler ["http-nio-8080"]
2023-11-05 00:37:11,917 INFO o.s.b.w.e.t.TomcatWebServer [main] Tomcat started on port(s): 8080 (http) with context path ''
2023-11-05 00:37:11,926 INFO o.s.b.StartupInfoLogger [main] Started SpringWebRestCh5Application in 3.972 seconds (process running for 4.455)
2023-11-05 00:37:17,261 INFO o.a.j.l.DirectJDKLog [http-nio-8080-exec-1] Initializing Spring DispatcherServlet 'dispatcherServlet'
2023-11-05 00:37:17,261 INFO o.s.w.s.FrameworkServlet [http-nio-8080-exec-1] Initializing Servlet 'dispatcherServlet'
2023-11-05 00:37:17,263 INFO o.s.w.s.FrameworkServlet [http-nio-8080-exec-1] Completed initialization in 2 ms
2023-11-05 00:44:11,647 INFO o.s.o.j.AbstractEntityManagerFactoryBean [SpringApplicationShutdownHook] Closing JPA EntityManagerFactory for persistence unit 'default'
2023-11-05 00:44:11,650 INFO c.z.h.HikariDataSource [SpringApplicationShutdownHook] HikariPool-1 - Shutdown initiated...
2023-11-05 00:44:11,660 INFO c.z.h.HikariDataSource [SpringApplicationShutdownHook] HikariPool-1 - Shutdown completed.
2023-11-05 00:44:15,060 INFO o.s.b.StartupInfoLogger [main] Starting SpringWebRestCh5Application using Java 19.0.2 with PID 13689 (/home/afansyarifudin/Project/java_synrgy_exercise/SpringWebRest_ch5/target/classes started by afansyarifudin in /home/afansyarifudin/Project/java_synrgy_exercise/SpringWebRest_ch5)
2023-11-05 00:44:15,062 INFO o.s.b.SpringApplication [main] No active profile set, falling back to 1 default profile: "default"
2023-11-05 00:44:15,663 INFO o.s.d.r.c.RepositoryConfigurationDelegate [main] Bootstrapping Spring Data JPA repositories in DEFAULT mode.
2023-11-05 00:44:15,725 INFO o.s.d.r.c.RepositoryConfigurationDelegate [main] Finished Spring Data repository scanning in 56 ms. Found 5 JPA repository interfaces.
2023-11-05 00:44:16,164 INFO o.s.b.w.e.t.TomcatWebServer [main] Tomcat initialized with port(s): 8080 (http)
2023-11-05 00:44:16,171 INFO o.a.j.l.DirectJDKLog [main] Initializing ProtocolHandler ["http-nio-8080"]
2023-11-05 00:44:16,173 INFO o.a.j.l.DirectJDKLog [main] Starting service [Tomcat]
2023-11-05 00:44:16,173 INFO o.a.j.l.DirectJDKLog [main] Starting Servlet engine: [Apache Tomcat/10.1.15]
2023-11-05 00:44:16,240 INFO o.a.j.l.DirectJDKLog [main] Initializing Spring embedded WebApplicationContext
2023-11-05 00:44:16,240 INFO o.s.b.w.s.c.ServletWebServerApplicationContext [main] Root WebApplicationContext: initialization completed in 1134 ms
2023-11-05 00:44:16,385 INFO o.h.j.i.u.LogHelper [main] HHH000204: Processing PersistenceUnitInfo [name: default]
2023-11-05 00:44:16,424 INFO o.h.Version [main] HHH000412: Hibernate ORM core version 6.2.13.Final
2023-11-05 00:44:16,426 INFO o.h.c.Environment [main] HHH000406: Using bytecode reflection optimizer
2023-11-05 00:44:16,636 INFO o.s.o.j.p.SpringPersistenceUnitInfo [main] No LoadTimeWeaver setup: ignoring JPA class transformer
2023-11-05 00:44:16,659 INFO c.z.h.HikariDataSource [main] HikariPool-1 - Starting...
2023-11-05 00:44:16,914 INFO c.z.h.p.HikariPool [main] HikariPool-1 - Added connection org.postgresql.jdbc.PgConnection@46702c26
2023-11-05 00:44:16,916 INFO c.z.h.HikariDataSource [main] HikariPool-1 - Start completed.
2023-11-05 00:44:16,941 WARN o.h.e.j.d.i.DialectFactoryImpl [main] HHH90000025: PostgreSQLDialect does not need to be specified explicitly using 'hibernate.dialect' (remove the property setting and it will be selected by default)
2023-11-05 00:44:17,779 INFO o.h.e.t.j.p.i.JtaPlatformInitiator [main] HHH000489: No JTA platform available (set 'hibernate.transaction.jta.platform' to enable JTA platform integration)
2023-11-05 00:44:17,918 INFO o.s.o.j.AbstractEntityManagerFactoryBean [main] Initialized JPA EntityManagerFactory for persistence unit 'default'
2023-11-05 00:44:18,217 WARN o.s.b.a.o.j.JpaBaseConfiguration$JpaWebConfiguration [main] spring.jpa.open-in-view is enabled by default. Therefore, database queries may be performed during view rendering. Explicitly configure spring.jpa.open-in-view to disable this warning
2023-11-05 00:44:18,603 INFO o.a.j.l.DirectJDKLog [main] Starting ProtocolHandler ["http-nio-8080"]
2023-11-05 00:44:18,615 INFO o.s.b.w.e.t.TomcatWebServer [main] Tomcat started on port(s): 8080 (http) with context path ''
2023-11-05 00:44:18,625 INFO o.s.b.StartupInfoLogger [main] Started SpringWebRestCh5Application in 4.016 seconds (process running for 4.536)
2023-11-05 00:44:25,074 INFO o.a.j.l.DirectJDKLog [http-nio-8080-exec-2] Initializing Spring DispatcherServlet 'dispatcherServlet'
2023-11-05 00:44:25,075 INFO o.s.w.s.FrameworkServlet [http-nio-8080-exec-2] Initializing Servlet 'dispatcherServlet'
2023-11-05 00:44:25,077 INFO o.s.w.s.FrameworkServlet [http-nio-8080-exec-2] Completed initialization in 1 ms
2023-11-05 00:44:25,186 INFO c.e.s.s.MerchantServiceImpl [http-nio-8080-exec-2] There's no Merchant yet
2023-11-05 00:46:28,476 INFO o.s.o.j.AbstractEntityManagerFactoryBean [SpringApplicationShutdownHook] Closing JPA EntityManagerFactory for persistence unit 'default'
2023-11-05 00:46:28,478 INFO c.z.h.HikariDataSource [SpringApplicationShutdownHook] HikariPool-1 - Shutdown initiated...
2023-11-05 00:46:28,494 INFO c.z.h.HikariDataSource [SpringApplicationShutdownHook] HikariPool-1 - Shutdown completed.
2023-11-05 00:46:31,792 INFO o.s.b.StartupInfoLogger [main] Starting SpringWebRestCh5Application using Java 19.0.2 with PID 13895 (/home/afansyarifudin/Project/java_synrgy_exercise/SpringWebRest_ch5/target/classes started by afansyarifudin in /home/afansyarifudin/Project/java_synrgy_exercise/SpringWebRest_ch5)
2023-11-05 00:46:31,795 INFO o.s.b.SpringApplication [main] No active profile set, falling back to 1 default profile: "default"
2023-11-05 00:46:32,361 INFO o.s.d.r.c.RepositoryConfigurationDelegate [main] Bootstrapping Spring Data JPA repositories in DEFAULT mode.
2023-11-05 00:46:32,423 INFO o.s.d.r.c.RepositoryConfigurationDelegate [main] Finished Spring Data repository scanning in 55 ms. Found 5 JPA repository interfaces.
2023-11-05 00:46:32,863 INFO o.s.b.w.e.t.TomcatWebServer [main] Tomcat initialized with port(s): 8080 (http)
2023-11-05 00:46:32,871 INFO o.a.j.l.DirectJDKLog [main] Initializing ProtocolHandler ["http-nio-8080"]
2023-11-05 00:46:32,873 INFO o.a.j.l.DirectJDKLog [main] Starting service [Tomcat]
2023-11-05 00:46:32,873 INFO o.a.j.l.DirectJDKLog [main] Starting Servlet engine: [Apache Tomcat/10.1.15]
2023-11-05 00:46:32,939 INFO o.a.j.l.DirectJDKLog [main] Initializing Spring embedded WebApplicationContext
2023-11-05 00:46:32,940 INFO o.s.b.w.s.c.ServletWebServerApplicationContext [main] Root WebApplicationContext: initialization completed in 1100 ms
2023-11-05 00:46:33,081 INFO o.h.j.i.u.LogHelper [main] HHH000204: Processing PersistenceUnitInfo [name: default]
2023-11-05 00:46:33,122 INFO o.h.Version [main] HHH000412: Hibernate ORM core version 6.2.13.Final
2023-11-05 00:46:33,124 INFO o.h.c.Environment [main] HHH000406: Using bytecode reflection optimizer
2023-11-05 00:46:33,341 INFO o.s.o.j.p.SpringPersistenceUnitInfo [main] No LoadTimeWeaver setup: ignoring JPA class transformer
2023-11-05 00:46:33,363 INFO c.z.h.HikariDataSource [main] HikariPool-1 - Starting...
2023-11-05 00:46:33,624 INFO c.z.h.p.HikariPool [main] HikariPool-1 - Added connection org.postgresql.jdbc.PgConnection@46702c26
2023-11-05 00:46:33,625 INFO c.z.h.HikariDataSource [main] HikariPool-1 - Start completed.
2023-11-05 00:46:33,652 WARN o.h.e.j.d.i.DialectFactoryImpl [main] HHH90000025: PostgreSQLDialect does not need to be specified explicitly using 'hibernate.dialect' (remove the property setting and it will be selected by default)
2023-11-05 00:46:34,491 INFO o.h.e.t.j.p.i.JtaPlatformInitiator [main] HHH000489: No JTA platform available (set 'hibernate.transaction.jta.platform' to enable JTA platform integration)
2023-11-05 00:46:34,636 INFO o.s.o.j.AbstractEntityManagerFactoryBean [main] Initialized JPA EntityManagerFactory for persistence unit 'default'
2023-11-05 00:46:34,928 WARN o.s.b.a.o.j.JpaBaseConfiguration$JpaWebConfiguration [main] spring.jpa.open-in-view is enabled by default. Therefore, database queries may be performed during view rendering. Explicitly configure spring.jpa.open-in-view to disable this warning
2023-11-05 00:46:35,316 INFO o.a.j.l.DirectJDKLog [main] Starting ProtocolHandler ["http-nio-8080"]
2023-11-05 00:46:35,330 INFO o.s.b.w.e.t.TomcatWebServer [main] Tomcat started on port(s): 8080 (http) with context path ''
2023-11-05 00:46:35,339 INFO o.s.b.StartupInfoLogger [main] Started SpringWebRestCh5Application in 4.006 seconds (process running for 4.553)
2023-11-05 00:46:39,935 INFO o.a.j.l.DirectJDKLog [http-nio-8080-exec-2] Initializing Spring DispatcherServlet 'dispatcherServlet'
2023-11-05 00:46:39,935 INFO o.s.w.s.FrameworkServlet [http-nio-8080-exec-2] Initializing Servlet 'dispatcherServlet'
2023-11-05 00:46:39,937 INFO o.s.w.s.FrameworkServlet [http-nio-8080-exec-2] Completed initialization in 1 ms
2023-11-05 00:46:40,039 INFO c.e.s.s.MerchantServiceImpl [http-nio-8080-exec-2] There's no Merchant yet
2023-11-05 00:46:41,329 INFO c.e.s.s.MerchantServiceImpl [http-nio-8080-exec-4] There's no Merchant yet
2023-11-05 00:49:53,282 INFO o.s.o.j.AbstractEntityManagerFactoryBean [SpringApplicationShutdownHook] Closing JPA EntityManagerFactory for persistence unit 'default'
2023-11-05 00:49:53,286 INFO c.z.h.HikariDataSource [SpringApplicationShutdownHook] HikariPool-1 - Shutdown initiated...
2023-11-05 00:49:53,297 INFO c.z.h.HikariDataSource [SpringApplicationShutdownHook] HikariPool-1 - Shutdown completed.
2023-11-05 00:49:56,601 INFO o.s.b.StartupInfoLogger [main] Starting SpringWebRestCh5Application using Java 19.0.2 with PID 14156 (/home/afansyarifudin/Project/java_synrgy_exercise/SpringWebRest_ch5/target/classes started by afansyarifudin in /home/afansyarifudin/Project/java_synrgy_exercise/SpringWebRest_ch5)
2023-11-05 00:49:56,604 INFO o.s.b.SpringApplication [main] No active profile set, falling back to 1 default profile: "default"
2023-11-05 00:49:57,161 INFO o.s.d.r.c.RepositoryConfigurationDelegate [main] Bootstrapping Spring Data JPA repositories in DEFAULT mode.
2023-11-05 00:49:57,222 INFO o.s.d.r.c.RepositoryConfigurationDelegate [main] Finished Spring Data repository scanning in 54 ms. Found 5 JPA repository interfaces.
2023-11-05 00:49:57,675 INFO o.s.b.w.e.t.TomcatWebServer [main] Tomcat initialized with port(s): 8080 (http)
2023-11-05 00:49:57,683 INFO o.a.j.l.DirectJDKLog [main] Initializing ProtocolHandler ["http-nio-8080"]
2023-11-05 00:49:57,685 INFO o.a.j.l.DirectJDKLog [main] Starting service [Tomcat]
2023-11-05 00:49:57,686 INFO o.a.j.l.DirectJDKLog [main] Starting Servlet engine: [Apache Tomcat/10.1.15]
2023-11-05 00:49:57,755 INFO o.a.j.l.DirectJDKLog [main] Initializing Spring embedded WebApplicationContext
2023-11-05 00:49:57,755 INFO o.s.b.w.s.c.ServletWebServerApplicationContext [main] Root WebApplicationContext: initialization completed in 1105 ms
2023-11-05 00:49:57,903 INFO o.h.j.i.u.LogHelper [main] HHH000204: Processing PersistenceUnitInfo [name: default]
2023-11-05 00:49:57,943 INFO o.h.Version [main] HHH000412: Hibernate ORM core version 6.2.13.Final
2023-11-05 00:49:57,945 INFO o.h.c.Environment [main] HHH000406: Using bytecode reflection optimizer
2023-11-05 00:49:58,155 INFO o.s.o.j.p.SpringPersistenceUnitInfo [main] No LoadTimeWeaver setup: ignoring JPA class transformer
2023-11-05 00:49:58,176 INFO c.z.h.HikariDataSource [main] HikariPool-1 - Starting...
2023-11-05 00:49:58,433 INFO c.z.h.p.HikariPool [main] HikariPool-1 - Added connection org.postgresql.jdbc.PgConnection@46702c26
2023-11-05 00:49:58,435 INFO c.z.h.HikariDataSource [main] HikariPool-1 - Start completed.
2023-11-05 00:49:58,462 WARN o.h.e.j.d.i.DialectFactoryImpl [main] HHH90000025: PostgreSQLDialect does not need to be specified explicitly using 'hibernate.dialect' (remove the property setting and it will be selected by default)
2023-11-05 00:49:59,303 INFO o.h.e.t.j.p.i.JtaPlatformInitiator [main] HHH000489: No JTA platform available (set 'hibernate.transaction.jta.platform' to enable JTA platform integration)
2023-11-05 00:49:59,439 INFO o.s.o.j.AbstractEntityManagerFactoryBean [main] Initialized JPA EntityManagerFactory for persistence unit 'default'
2023-11-05 00:49:59,734 WARN o.s.b.a.o.j.JpaBaseConfiguration$JpaWebConfiguration [main] spring.jpa.open-in-view is enabled by default. Therefore, database queries may be performed during view rendering. Explicitly configure spring.jpa.open-in-view to disable this warning
2023-11-05 00:50:00,128 INFO o.a.j.l.DirectJDKLog [main] Starting ProtocolHandler ["http-nio-8080"]
2023-11-05 00:50:00,141 INFO o.s.b.w.e.t.TomcatWebServer [main] Tomcat started on port(s): 8080 (http) with context path ''
2023-11-05 00:50:00,151 INFO o.s.b.StartupInfoLogger [main] Started SpringWebRestCh5Application in 4.005 seconds (process running for 4.475)
2023-11-05 00:50:07,615 INFO o.a.j.l.DirectJDKLog [http-nio-8080-exec-1] Initializing Spring DispatcherServlet 'dispatcherServlet'
2023-11-05 00:50:07,615 INFO o.s.w.s.FrameworkServlet [http-nio-8080-exec-1] Initializing Servlet 'dispatcherServlet'
2023-11-05 00:50:07,617 INFO o.s.w.s.FrameworkServlet [http-nio-8080-exec-1] Completed initialization in 1 ms
2023-11-05 00:53:50,990 INFO o.s.o.j.AbstractEntityManagerFactoryBean [SpringApplicationShutdownHook] Closing JPA EntityManagerFactory for persistence unit 'default'
2023-11-05 00:53:50,993 INFO c.z.h.HikariDataSource [SpringApplicationShutdownHook] HikariPool-1 - Shutdown initiated...
2023-11-05 00:53:51,004 INFO c.z.h.HikariDataSource [SpringApplicationShutdownHook] HikariPool-1 - Shutdown completed.
2023-11-05 00:53:54,267 INFO o.s.b.StartupInfoLogger [main] Starting SpringWebRestCh5Application using Java 19.0.2 with PID 14424 (/home/afansyarifudin/Project/java_synrgy_exercise/SpringWebRest_ch5/target/classes started by afansyarifudin in /home/afansyarifudin/Project/java_synrgy_exercise/SpringWebRest_ch5)
2023-11-05 00:53:54,269 INFO o.s.b.SpringApplication [main] No active profile set, falling back to 1 default profile: "default"
2023-11-05 00:53:54,826 INFO o.s.d.r.c.RepositoryConfigurationDelegate [main] Bootstrapping Spring Data JPA repositories in DEFAULT mode.
2023-11-05 00:53:54,887 INFO o.s.d.r.c.RepositoryConfigurationDelegate [main] Finished Spring Data repository scanning in 55 ms. Found 5 JPA repository interfaces.
2023-11-05 00:53:55,324 INFO o.s.b.w.e.t.TomcatWebServer [main] Tomcat initialized with port(s): 8080 (http)
2023-11-05 00:53:55,331 INFO o.a.j.l.DirectJDKLog [main] Initializing ProtocolHandler ["http-nio-8080"]
2023-11-05 00:53:55,333 INFO o.a.j.l.DirectJDKLog [main] Starting service [Tomcat]
2023-11-05 00:53:55,334 INFO o.a.j.l.DirectJDKLog [main] Starting Servlet engine: [Apache Tomcat/10.1.15]
2023-11-05 00:53:55,414 INFO o.a.j.l.DirectJDKLog [main] Initializing Spring embedded WebApplicationContext
2023-11-05 00:53:55,415 INFO o.s.b.w.s.c.ServletWebServerApplicationContext [main] Root WebApplicationContext: initialization completed in 1099 ms
2023-11-05 00:53:55,550 INFO o.h.j.i.u.LogHelper [main] HHH000204: Processing PersistenceUnitInfo [name: default]
2023-11-05 00:53:55,590 INFO o.h.Version [main] HHH000412: Hibernate ORM core version 6.2.13.Final
2023-11-05 00:53:55,592 INFO o.h.c.Environment [main] HHH000406: Using bytecode reflection optimizer
2023-11-05 00:53:55,804 INFO o.s.o.j.p.SpringPersistenceUnitInfo [main] No LoadTimeWeaver setup: ignoring JPA class transformer
2023-11-05 00:53:55,825 INFO c.z.h.HikariDataSource [main] HikariPool-1 - Starting...
2023-11-05 00:53:56,079 INFO c.z.h.p.HikariPool [main] HikariPool-1 - Added connection org.postgresql.jdbc.PgConnection@46702c26
2023-11-05 00:53:56,080 INFO c.z.h.HikariDataSource [main] HikariPool-1 - Start completed.
2023-11-05 00:53:56,107 WARN o.h.e.j.d.i.DialectFactoryImpl [main] HHH90000025: PostgreSQLDialect does not need to be specified explicitly using 'hibernate.dialect' (remove the property setting and it will be selected by default)
2023-11-05 00:53:56,931 INFO o.h.e.t.j.p.i.JtaPlatformInitiator [main] HHH000489: No JTA platform available (set 'hibernate.transaction.jta.platform' to enable JTA platform integration)
2023-11-05 00:53:57,083 INFO o.s.o.j.AbstractEntityManagerFactoryBean [main] Initialized JPA EntityManagerFactory for persistence unit 'default'
2023-11-05 00:53:57,368 WARN o.s.b.a.o.j.JpaBaseConfiguration$JpaWebConfiguration [main] spring.jpa.open-in-view is enabled by default. Therefore, database queries may be performed during view rendering. Explicitly configure spring.jpa.open-in-view to disable this warning
2023-11-05 00:53:57,743 INFO o.a.j.l.DirectJDKLog [main] Starting ProtocolHandler ["http-nio-8080"]
2023-11-05 00:53:57,756 INFO o.s.b.w.e.t.TomcatWebServer [main] Tomcat started on port(s): 8080 (http) with context path ''
2023-11-05 00:53:57,766 INFO o.s.b.StartupInfoLogger [main] Started SpringWebRestCh5Application in 3.951 seconds (process running for 4.422)
2023-11-05 00:54:09,867 INFO o.a.j.l.DirectJDKLog [http-nio-8080-exec-1] Initializing Spring DispatcherServlet 'dispatcherServlet'
2023-11-05 00:54:09,868 INFO o.s.w.s.FrameworkServlet [http-nio-8080-exec-1] Initializing Servlet 'dispatcherServlet'
2023-11-05 00:54:09,869 INFO o.s.w.s.FrameworkServlet [http-nio-8080-exec-1] Completed initialization in 1 ms
2023-11-05 00:56:02,898 INFO c.e.s.s.MerchantServiceImpl [http-nio-8080-exec-10] There's no Merchant yet
2023-11-05 00:59:31,910 INFO o.s.o.j.AbstractEntityManagerFactoryBean [SpringApplicationShutdownHook] Closing JPA EntityManagerFactory for persistence unit 'default'
2023-11-05 00:59:31,913 INFO c.z.h.HikariDataSource [SpringApplicationShutdownHook] HikariPool-1 - Shutdown initiated...
2023-11-05 00:59:31,930 INFO c.z.h.HikariDataSource [SpringApplicationShutdownHook] HikariPool-1 - Shutdown completed.
