2023-11-23 22:31:51,973 INFO o.s.b.StartupInfoLogger [main] Starting SpringWebRestCh5Application using Java 19.0.2 with PID 22607 (/home/afansyarifudin/Project/java-bootcamp/Challenge6/target/classes started by afansyarifudin in /home/afansyarifudin/Project/java-bootcamp/Challenge6)
2023-11-23 22:31:51,976 INFO o.s.b.SpringApplication [main] No active profile set, falling back to 1 default profile: "default"
2023-11-23 22:31:52,026 INFO o.s.b.d.c.l.DockerComposeLifecycleManager [main] Using Docker Compose file '/home/afansyarifudin/Project/java-bootcamp/Challenge6/docker-compose.yml'
2023-11-23 22:31:53,261 INFO o.s.d.r.c.RepositoryConfigurationDelegate [main] Bootstrapping Spring Data JPA repositories in DEFAULT mode.
2023-11-23 22:31:53,309 INFO o.s.d.r.c.RepositoryConfigurationDelegate [main] Finished Spring Data repository scanning in 41 ms. Found 5 JPA repository interfaces.
2023-11-23 22:31:53,663 INFO o.s.b.w.e.t.TomcatWebServer [main] Tomcat initialized with port(s): 8080 (http)
2023-11-23 22:31:53,669 INFO o.a.j.l.DirectJDKLog [main] Initializing ProtocolHandler ["http-nio-8080"]
2023-11-23 22:31:53,670 INFO o.a.j.l.DirectJDKLog [main] Starting service [Tomcat]
2023-11-23 22:31:53,671 INFO o.a.j.l.DirectJDKLog [main] Starting Servlet engine: [Apache Tomcat/10.1.15]
2023-11-23 22:31:53,731 INFO o.a.j.l.DirectJDKLog [main] Initializing Spring embedded WebApplicationContext
2023-11-23 22:31:53,731 INFO o.s.b.w.s.c.ServletWebServerApplicationContext [main] Root WebApplicationContext: initialization completed in 1000 ms
2023-11-23 22:31:53,847 INFO o.h.j.i.u.LogHelper [main] HHH000204: Processing PersistenceUnitInfo [name: default]
2023-11-23 22:31:53,894 INFO o.h.Version [main] HHH000412: Hibernate ORM core version 6.2.13.Final
2023-11-23 22:31:53,897 INFO o.h.c.Environment [main] HHH000406: Using bytecode reflection optimizer
2023-11-23 22:31:54,089 INFO o.s.o.j.p.SpringPersistenceUnitInfo [main] No LoadTimeWeaver setup: ignoring JPA class transformer
2023-11-23 22:31:54,108 INFO c.z.h.HikariDataSource [main] HikariPool-1 - Starting...
2023-11-23 22:31:54,233 INFO c.z.h.p.HikariPool [main] HikariPool-1 - Added connection org.postgresql.jdbc.PgConnection@51de5efa
2023-11-23 22:31:54,235 INFO c.z.h.HikariDataSource [main] HikariPool-1 - Start completed.
2023-11-23 22:31:54,262 WARN o.h.e.j.d.i.DialectFactoryImpl [main] HHH90000025: PostgreSQLDialect does not need to be specified explicitly using 'hibernate.dialect' (remove the property setting and it will be selected by default)
2023-11-23 22:31:54,921 INFO o.h.e.t.j.p.i.JtaPlatformInitiator [main] HHH000489: No JTA platform available (set 'hibernate.transaction.jta.platform' to enable JTA platform integration)
2023-11-23 22:31:55,081 INFO o.s.o.j.AbstractEntityManagerFactoryBean [main] Initialized JPA EntityManagerFactory for persistence unit 'default'
2023-11-23 22:31:55,357 INFO o.s.b.f.a.AutowiredAnnotationBeanPostProcessor [main] Autowired annotation should only be used on methods with parameters: public org.springframework.http.ResponseEntity com.example.springwebrest_ch5.controller.UserController.getAll()
2023-11-23 22:31:55,556 WARN o.s.b.a.o.j.JpaBaseConfiguration$JpaWebConfiguration [main] spring.jpa.open-in-view is enabled by default. Therefore, database queries may be performed during view rendering. Explicitly configure spring.jpa.open-in-view to disable this warning
2023-11-23 22:31:55,865 INFO o.a.j.l.DirectJDKLog [main] Starting ProtocolHandler ["http-nio-8080"]
2023-11-23 22:31:55,877 INFO o.s.b.w.e.t.TomcatWebServer [main] Tomcat started on port(s): 8080 (http) with context path ''
2023-11-23 22:31:55,886 INFO o.s.b.StartupInfoLogger [main] Started SpringWebRestCh5Application in 4.287 seconds (process running for 4.87)
2023-11-23 22:35:34,776 INFO o.a.j.l.DirectJDKLog [http-nio-8080-exec-1] Initializing Spring DispatcherServlet 'dispatcherServlet'
2023-11-23 22:35:34,778 INFO o.s.w.s.FrameworkServlet [http-nio-8080-exec-1] Initializing Servlet 'dispatcherServlet'
2023-11-23 22:35:34,779 INFO o.s.w.s.FrameworkServlet [http-nio-8080-exec-1] Completed initialization in 1 ms
2023-11-23 22:35:39,984 INFO c.e.s.s.MerchantServiceImpl [http-nio-8080-exec-3] There's no Merchant yet
2023-11-23 22:44:04,117 INFO o.s.o.j.AbstractEntityManagerFactoryBean [SpringApplicationShutdownHook] Closing JPA EntityManagerFactory for persistence unit 'default'
2023-11-23 22:44:04,122 INFO c.z.h.HikariDataSource [SpringApplicationShutdownHook] HikariPool-1 - Shutdown initiated...
2023-11-23 22:44:04,125 INFO c.z.h.HikariDataSource [SpringApplicationShutdownHook] HikariPool-1 - Shutdown completed.
2023-11-23 22:44:12,565 INFO o.s.b.StartupInfoLogger [main] Starting SpringWebRestCh5Application using Java 19.0.2 with PID 26359 (/home/afansyarifudin/Project/java-bootcamp/Challenge6/target/classes started by afansyarifudin in /home/afansyarifudin/Project/java-bootcamp/Challenge6)
2023-11-23 22:44:12,566 INFO o.s.b.SpringApplication [main] No active profile set, falling back to 1 default profile: "default"
2023-11-23 22:44:12,620 INFO o.s.b.d.c.l.DockerComposeLifecycleManager [main] Using Docker Compose file '/home/afansyarifudin/Project/java-bootcamp/Challenge6/docker-compose.yml'
2023-11-23 22:44:13,885 INFO o.s.d.r.c.RepositoryConfigurationDelegate [main] Bootstrapping Spring Data JPA repositories in DEFAULT mode.
2023-11-23 22:44:13,931 INFO o.s.d.r.c.RepositoryConfigurationDelegate [main] Finished Spring Data repository scanning in 41 ms. Found 5 JPA repository interfaces.
2023-11-23 22:44:14,305 INFO o.s.b.w.e.t.TomcatWebServer [main] Tomcat initialized with port(s): 8080 (http)
2023-11-23 22:44:14,311 INFO o.a.j.l.DirectJDKLog [main] Initializing ProtocolHandler ["http-nio-8080"]
2023-11-23 22:44:14,312 INFO o.a.j.l.DirectJDKLog [main] Starting service [Tomcat]
2023-11-23 22:44:14,312 INFO o.a.j.l.DirectJDKLog [main] Starting Servlet engine: [Apache Tomcat/10.1.15]
2023-11-23 22:44:14,371 INFO o.a.j.l.DirectJDKLog [main] Initializing Spring embedded WebApplicationContext
2023-11-23 22:44:14,371 INFO o.s.b.w.s.c.ServletWebServerApplicationContext [main] Root WebApplicationContext: initialization completed in 1059 ms
2023-11-23 22:44:14,480 INFO o.h.j.i.u.LogHelper [main] HHH000204: Processing PersistenceUnitInfo [name: default]
2023-11-23 22:44:14,526 INFO o.h.Version [main] HHH000412: Hibernate ORM core version 6.2.13.Final
2023-11-23 22:44:14,528 INFO o.h.c.Environment [main] HHH000406: Using bytecode reflection optimizer
2023-11-23 22:44:14,701 INFO o.s.o.j.p.SpringPersistenceUnitInfo [main] No LoadTimeWeaver setup: ignoring JPA class transformer
2023-11-23 22:44:14,718 INFO c.z.h.HikariDataSource [main] HikariPool-1 - Starting...
2023-11-23 22:44:14,832 INFO c.z.h.p.HikariPool [main] HikariPool-1 - Added connection org.postgresql.jdbc.PgConnection@7f4f1536
2023-11-23 22:44:14,834 INFO c.z.h.HikariDataSource [main] HikariPool-1 - Start completed.
2023-11-23 22:44:14,859 WARN o.h.e.j.d.i.DialectFactoryImpl [main] HHH90000025: PostgreSQLDialect does not need to be specified explicitly using 'hibernate.dialect' (remove the property setting and it will be selected by default)
2023-11-23 22:44:15,503 INFO o.h.e.t.j.p.i.JtaPlatformInitiator [main] HHH000489: No JTA platform available (set 'hibernate.transaction.jta.platform' to enable JTA platform integration)
2023-11-23 22:44:15,668 INFO o.s.o.j.AbstractEntityManagerFactoryBean [main] Initialized JPA EntityManagerFactory for persistence unit 'default'
2023-11-23 22:44:15,933 INFO o.s.b.f.a.AutowiredAnnotationBeanPostProcessor [main] Autowired annotation should only be used on methods with parameters: public org.springframework.http.ResponseEntity com.example.springwebrest_ch5.controller.UserController.getAll()
2023-11-23 22:44:16,118 WARN o.s.b.a.o.j.JpaBaseConfiguration$JpaWebConfiguration [main] spring.jpa.open-in-view is enabled by default. Therefore, database queries may be performed during view rendering. Explicitly configure spring.jpa.open-in-view to disable this warning
2023-11-23 22:44:16,401 INFO o.a.j.l.DirectJDKLog [main] Starting ProtocolHandler ["http-nio-8080"]
2023-11-23 22:44:16,411 INFO o.s.b.w.e.t.TomcatWebServer [main] Tomcat started on port(s): 8080 (http) with context path ''
2023-11-23 22:44:16,418 INFO o.s.b.StartupInfoLogger [main] Started SpringWebRestCh5Application in 4.227 seconds (process running for 4.803)
2023-11-23 22:44:48,166 INFO o.a.j.l.DirectJDKLog [http-nio-8080-exec-1] Initializing Spring DispatcherServlet 'dispatcherServlet'
2023-11-23 22:44:48,166 INFO o.s.w.s.FrameworkServlet [http-nio-8080-exec-1] Initializing Servlet 'dispatcherServlet'
2023-11-23 22:44:48,168 INFO o.s.w.s.FrameworkServlet [http-nio-8080-exec-1] Completed initialization in 2 ms
2023-11-23 22:44:49,469 INFO o.s.a.AbstractOpenApiResource [http-nio-8080-exec-2] Init duration for springdoc-openapi is: 265 ms
2023-11-23 22:54:51,837 INFO o.s.o.j.AbstractEntityManagerFactoryBean [SpringApplicationShutdownHook] Closing JPA EntityManagerFactory for persistence unit 'default'
2023-11-23 22:54:51,840 INFO c.z.h.HikariDataSource [SpringApplicationShutdownHook] HikariPool-1 - Shutdown initiated...
2023-11-23 22:54:51,843 INFO c.z.h.HikariDataSource [SpringApplicationShutdownHook] HikariPool-1 - Shutdown completed.
2023-11-23 22:54:56,098 INFO o.s.b.StartupInfoLogger [main] Starting SpringWebRestCh5Application using Java 19.0.2 with PID 29075 (/home/afansyarifudin/Project/java-bootcamp/Challenge6/target/classes started by afansyarifudin in /home/afansyarifudin/Project/java-bootcamp/Challenge6)
2023-11-23 22:54:56,100 INFO o.s.b.SpringApplication [main] No active profile set, falling back to 1 default profile: "default"
2023-11-23 22:54:56,149 INFO o.s.b.d.c.l.DockerComposeLifecycleManager [main] Using Docker Compose file '/home/afansyarifudin/Project/java-bootcamp/Challenge6/docker-compose.yml'
2023-11-23 22:54:57,366 INFO o.s.d.r.c.RepositoryConfigurationDelegate [main] Bootstrapping Spring Data JPA repositories in DEFAULT mode.
2023-11-23 22:54:57,409 INFO o.s.d.r.c.RepositoryConfigurationDelegate [main] Finished Spring Data repository scanning in 39 ms. Found 5 JPA repository interfaces.
2023-11-23 22:54:57,741 INFO o.s.b.w.e.t.TomcatWebServer [main] Tomcat initialized with port(s): 8080 (http)
2023-11-23 22:54:57,747 INFO o.a.j.l.DirectJDKLog [main] Initializing ProtocolHandler ["http-nio-8080"]
2023-11-23 22:54:57,748 INFO o.a.j.l.DirectJDKLog [main] Starting service [Tomcat]
2023-11-23 22:54:57,748 INFO o.a.j.l.DirectJDKLog [main] Starting Servlet engine: [Apache Tomcat/10.1.15]
2023-11-23 22:54:57,808 INFO o.a.j.l.DirectJDKLog [main] Initializing Spring embedded WebApplicationContext
2023-11-23 22:54:57,808 INFO o.s.b.w.s.c.ServletWebServerApplicationContext [main] Root WebApplicationContext: initialization completed in 954 ms
2023-11-23 22:54:57,922 INFO o.h.j.i.u.LogHelper [main] HHH000204: Processing PersistenceUnitInfo [name: default]
2023-11-23 22:54:57,956 INFO o.h.Version [main] HHH000412: Hibernate ORM core version 6.2.13.Final
2023-11-23 22:54:57,958 INFO o.h.c.Environment [main] HHH000406: Using bytecode reflection optimizer
2023-11-23 22:54:58,120 INFO o.s.o.j.p.SpringPersistenceUnitInfo [main] No LoadTimeWeaver setup: ignoring JPA class transformer
2023-11-23 22:54:58,135 INFO c.z.h.HikariDataSource [main] HikariPool-1 - Starting...
2023-11-23 22:54:58,239 INFO c.z.h.p.HikariPool [main] HikariPool-1 - Added connection org.postgresql.jdbc.PgConnection@3a70575
2023-11-23 22:54:58,241 INFO c.z.h.HikariDataSource [main] HikariPool-1 - Start completed.
2023-11-23 22:54:58,262 WARN o.h.e.j.d.i.DialectFactoryImpl [main] HHH90000025: PostgreSQLDialect does not need to be specified explicitly using 'hibernate.dialect' (remove the property setting and it will be selected by default)
2023-11-23 22:54:58,892 INFO o.h.e.t.j.p.i.JtaPlatformInitiator [main] HHH000489: No JTA platform available (set 'hibernate.transaction.jta.platform' to enable JTA platform integration)
2023-11-23 22:54:59,030 INFO o.s.o.j.AbstractEntityManagerFactoryBean [main] Initialized JPA EntityManagerFactory for persistence unit 'default'
2023-11-23 22:54:59,290 INFO o.s.b.f.a.AutowiredAnnotationBeanPostProcessor [main] Autowired annotation should only be used on methods with parameters: public org.springframework.http.ResponseEntity com.example.springwebrest_ch5.controller.UserController.getAll()
2023-11-23 22:54:59,489 WARN o.s.b.a.o.j.JpaBaseConfiguration$JpaWebConfiguration [main] spring.jpa.open-in-view is enabled by default. Therefore, database queries may be performed during view rendering. Explicitly configure spring.jpa.open-in-view to disable this warning
2023-11-23 22:54:59,785 INFO o.a.j.l.DirectJDKLog [main] Starting ProtocolHandler ["http-nio-8080"]
2023-11-23 22:54:59,794 INFO o.s.b.w.e.t.TomcatWebServer [main] Tomcat started on port(s): 8080 (http) with context path ''
2023-11-23 22:54:59,802 INFO o.s.b.StartupInfoLogger [main] Started SpringWebRestCh5Application in 4.056 seconds (process running for 4.443)
2023-11-23 22:56:07,819 INFO o.a.j.l.DirectJDKLog [http-nio-8080-exec-1] Initializing Spring DispatcherServlet 'dispatcherServlet'
2023-11-23 22:56:07,820 INFO o.s.w.s.FrameworkServlet [http-nio-8080-exec-1] Initializing Servlet 'dispatcherServlet'
2023-11-23 22:56:07,821 INFO o.s.w.s.FrameworkServlet [http-nio-8080-exec-1] Completed initialization in 1 ms
2023-11-23 22:57:36,197 INFO o.s.o.j.AbstractEntityManagerFactoryBean [SpringApplicationShutdownHook] Closing JPA EntityManagerFactory for persistence unit 'default'
2023-11-23 22:57:36,198 INFO c.z.h.HikariDataSource [SpringApplicationShutdownHook] HikariPool-1 - Shutdown initiated...
2023-11-23 22:57:36,200 INFO c.z.h.HikariDataSource [SpringApplicationShutdownHook] HikariPool-1 - Shutdown completed.
2023-11-23 22:57:37,664 INFO o.s.b.StartupInfoLogger [main] Starting SpringWebRestCh5Application using Java 19.0.2 with PID 29990 (/home/afansyarifudin/Project/java-bootcamp/Challenge6/target/classes started by afansyarifudin in /home/afansyarifudin/Project/java-bootcamp/Challenge6)
2023-11-23 22:57:37,666 INFO o.s.b.SpringApplication [main] No active profile set, falling back to 1 default profile: "default"
2023-11-23 22:57:37,715 INFO o.s.b.d.c.l.DockerComposeLifecycleManager [main] Using Docker Compose file '/home/afansyarifudin/Project/java-bootcamp/Challenge6/docker-compose.yml'
2023-11-23 22:57:38,917 INFO o.s.d.r.c.RepositoryConfigurationDelegate [main] Bootstrapping Spring Data JPA repositories in DEFAULT mode.
2023-11-23 22:57:38,962 INFO o.s.d.r.c.RepositoryConfigurationDelegate [main] Finished Spring Data repository scanning in 40 ms. Found 5 JPA repository interfaces.
2023-11-23 22:57:39,287 INFO o.s.b.w.e.t.TomcatWebServer [main] Tomcat initialized with port(s): 8080 (http)
2023-11-23 22:57:39,293 INFO o.a.j.l.DirectJDKLog [main] Initializing ProtocolHandler ["http-nio-8080"]
2023-11-23 22:57:39,294 INFO o.a.j.l.DirectJDKLog [main] Starting service [Tomcat]
2023-11-23 22:57:39,294 INFO o.a.j.l.DirectJDKLog [main] Starting Servlet engine: [Apache Tomcat/10.1.15]
2023-11-23 22:57:39,344 INFO o.a.j.l.DirectJDKLog [main] Initializing Spring embedded WebApplicationContext
2023-11-23 22:57:39,345 INFO o.s.b.w.s.c.ServletWebServerApplicationContext [main] Root WebApplicationContext: initialization completed in 938 ms
2023-11-23 22:57:39,445 INFO o.h.j.i.u.LogHelper [main] HHH000204: Processing PersistenceUnitInfo [name: default]
2023-11-23 22:57:39,472 INFO o.h.Version [main] HHH000412: Hibernate ORM core version 6.2.13.Final
2023-11-23 22:57:39,474 INFO o.h.c.Environment [main] HHH000406: Using bytecode reflection optimizer
2023-11-23 22:57:39,620 INFO o.s.o.j.p.SpringPersistenceUnitInfo [main] No LoadTimeWeaver setup: ignoring JPA class transformer
2023-11-23 22:57:39,636 INFO c.z.h.HikariDataSource [main] HikariPool-1 - Starting...
2023-11-23 22:57:39,747 INFO c.z.h.p.HikariPool [main] HikariPool-1 - Added connection org.postgresql.jdbc.PgConnection@7d7b4e04
2023-11-23 22:57:39,748 INFO c.z.h.HikariDataSource [main] HikariPool-1 - Start completed.
2023-11-23 22:57:39,769 WARN o.h.e.j.d.i.DialectFactoryImpl [main] HHH90000025: PostgreSQLDialect does not need to be specified explicitly using 'hibernate.dialect' (remove the property setting and it will be selected by default)
2023-11-23 22:57:40,367 INFO o.h.e.t.j.p.i.JtaPlatformInitiator [main] HHH000489: No JTA platform available (set 'hibernate.transaction.jta.platform' to enable JTA platform integration)
2023-11-23 22:57:40,507 INFO o.s.o.j.AbstractEntityManagerFactoryBean [main] Initialized JPA EntityManagerFactory for persistence unit 'default'
2023-11-23 22:57:40,742 INFO o.s.b.f.a.AutowiredAnnotationBeanPostProcessor [main] Autowired annotation should only be used on methods with parameters: public org.springframework.http.ResponseEntity com.example.springwebrest_ch5.controller.UserController.getAll()
2023-11-23 22:57:40,939 WARN o.s.b.a.o.j.JpaBaseConfiguration$JpaWebConfiguration [main] spring.jpa.open-in-view is enabled by default. Therefore, database queries may be performed during view rendering. Explicitly configure spring.jpa.open-in-view to disable this warning
2023-11-23 22:57:41,229 INFO o.a.j.l.DirectJDKLog [main] Starting ProtocolHandler ["http-nio-8080"]
2023-11-23 22:57:41,238 INFO o.s.b.w.e.t.TomcatWebServer [main] Tomcat started on port(s): 8080 (http) with context path ''
2023-11-23 22:57:41,246 INFO o.s.b.StartupInfoLogger [main] Started SpringWebRestCh5Application in 3.918 seconds (process running for 4.317)
2023-11-23 22:59:30,967 INFO o.a.j.l.DirectJDKLog [http-nio-8080-exec-1] Initializing Spring DispatcherServlet 'dispatcherServlet'
2023-11-23 22:59:30,968 INFO o.s.w.s.FrameworkServlet [http-nio-8080-exec-1] Initializing Servlet 'dispatcherServlet'
2023-11-23 22:59:30,969 INFO o.s.w.s.FrameworkServlet [http-nio-8080-exec-1] Completed initialization in 1 ms
2023-11-23 23:29:59,314 INFO o.s.o.j.AbstractEntityManagerFactoryBean [SpringApplicationShutdownHook] Closing JPA EntityManagerFactory for persistence unit 'default'
2023-11-23 23:29:59,316 INFO c.z.h.HikariDataSource [SpringApplicationShutdownHook] HikariPool-1 - Shutdown initiated...
2023-11-23 23:29:59,318 INFO c.z.h.HikariDataSource [SpringApplicationShutdownHook] HikariPool-1 - Shutdown completed.
2023-11-23 23:30:02,070 INFO o.s.b.StartupInfoLogger [main] Starting SpringWebRestCh5Application using Java 19.0.2 with PID 37419 (/home/afansyarifudin/Project/java-bootcamp/Challenge6/target/classes started by afansyarifudin in /home/afansyarifudin/Project/java-bootcamp/Challenge6)
2023-11-23 23:30:02,072 INFO o.s.b.SpringApplication [main] No active profile set, falling back to 1 default profile: "default"
2023-11-23 23:30:02,125 INFO o.s.b.d.c.l.DockerComposeLifecycleManager [main] Using Docker Compose file '/home/afansyarifudin/Project/java-bootcamp/Challenge6/docker-compose.yml'
2023-11-23 23:30:02,604 INFO o.s.b.l.LogLevel [OutputReader-stderr]  Network challenge6_default  Creating
2023-11-23 23:30:02,666 INFO o.s.b.l.LogLevel [OutputReader-stderr]  Network challenge6_default  Created
2023-11-23 23:30:02,668 INFO o.s.b.l.LogLevel [OutputReader-stderr]  Container challenge6-db-1  Creating
2023-11-23 23:30:02,747 INFO o.s.b.l.LogLevel [OutputReader-stderr]  Container challenge6-db-1  Created
2023-11-23 23:30:02,750 INFO o.s.b.l.LogLevel [OutputReader-stderr]  Container challenge6-db-1  Starting
2023-11-23 23:30:03,040 INFO o.s.b.l.LogLevel [OutputReader-stderr]  Container challenge6-db-1  Started
2023-11-23 23:30:03,041 INFO o.s.b.l.LogLevel [OutputReader-stderr]  Container challenge6-db-1  Waiting
2023-11-23 23:30:03,548 INFO o.s.b.l.LogLevel [OutputReader-stderr]  Container challenge6-db-1  Healthy
2023-11-23 23:30:04,517 INFO o.s.d.r.c.RepositoryConfigurationDelegate [main] Bootstrapping Spring Data JPA repositories in DEFAULT mode.
2023-11-23 23:30:04,565 INFO o.s.d.r.c.RepositoryConfigurationDelegate [main] Finished Spring Data repository scanning in 41 ms. Found 5 JPA repository interfaces.
2023-11-23 23:30:04,914 INFO o.s.b.w.e.t.TomcatWebServer [main] Tomcat initialized with port(s): 8080 (http)
2023-11-23 23:30:04,919 INFO o.a.j.l.DirectJDKLog [main] Initializing ProtocolHandler ["http-nio-8080"]
2023-11-23 23:30:04,921 INFO o.a.j.l.DirectJDKLog [main] Starting service [Tomcat]
2023-11-23 23:30:04,921 INFO o.a.j.l.DirectJDKLog [main] Starting Servlet engine: [Apache Tomcat/10.1.15]
2023-11-23 23:30:04,986 INFO o.a.j.l.DirectJDKLog [main] Initializing Spring embedded WebApplicationContext
2023-11-23 23:30:04,986 INFO o.s.b.w.s.c.ServletWebServerApplicationContext [main] Root WebApplicationContext: initialization completed in 1039 ms
2023-11-23 23:30:05,099 INFO o.h.j.i.u.LogHelper [main] HHH000204: Processing PersistenceUnitInfo [name: default]
2023-11-23 23:30:05,144 INFO o.h.Version [main] HHH000412: Hibernate ORM core version 6.2.13.Final
2023-11-23 23:30:05,147 INFO o.h.c.Environment [main] HHH000406: Using bytecode reflection optimizer
2023-11-23 23:30:05,330 INFO o.s.o.j.p.SpringPersistenceUnitInfo [main] No LoadTimeWeaver setup: ignoring JPA class transformer
2023-11-23 23:30:05,349 INFO c.z.h.HikariDataSource [main] HikariPool-1 - Starting...
2023-11-23 23:30:05,470 INFO c.z.h.p.HikariPool [main] HikariPool-1 - Added connection org.postgresql.jdbc.PgConnection@f810c18
2023-11-23 23:30:05,471 INFO c.z.h.HikariDataSource [main] HikariPool-1 - Start completed.
2023-11-23 23:30:05,498 WARN o.h.e.j.d.i.DialectFactoryImpl [main] HHH90000025: PostgreSQLDialect does not need to be specified explicitly using 'hibernate.dialect' (remove the property setting and it will be selected by default)
2023-11-23 23:30:06,184 INFO o.h.e.t.j.p.i.JtaPlatformInitiator [main] HHH000489: No JTA platform available (set 'hibernate.transaction.jta.platform' to enable JTA platform integration)
2023-11-23 23:30:06,272 WARN o.h.e.j.s.SqlExceptionHelper$StandardWarningHandler [main] SQL Warning Code: 0, SQLState: 00000
2023-11-23 23:30:06,272 WARN o.h.e.j.s.SqlExceptionHelper$StandardWarningHandler [main] constraint "ukr43af9ap4edm43mmtq01oddj6" of relation "users" does not exist, skipping
2023-11-23 23:30:06,288 WARN o.h.e.j.s.SqlExceptionHelper$StandardWarningHandler [main] SQL Warning Code: 0, SQLState: 00000
2023-11-23 23:30:06,288 WARN o.h.e.j.s.SqlExceptionHelper$StandardWarningHandler [main] constraint "uk6dotkott2kjsp8vw4d0m25fb7" of relation "users" does not exist, skipping
2023-11-23 23:30:06,435 INFO o.s.o.j.AbstractEntityManagerFactoryBean [main] Initialized JPA EntityManagerFactory for persistence unit 'default'
2023-11-23 23:30:06,673 INFO o.s.b.f.a.AutowiredAnnotationBeanPostProcessor [main] Autowired annotation should only be used on methods with parameters: public org.springframework.http.ResponseEntity com.example.springwebrest_ch5.controller.UserController.getAll()
2023-11-23 23:30:06,867 WARN o.s.b.a.o.j.JpaBaseConfiguration$JpaWebConfiguration [main] spring.jpa.open-in-view is enabled by default. Therefore, database queries may be performed during view rendering. Explicitly configure spring.jpa.open-in-view to disable this warning
2023-11-23 23:30:07,156 INFO o.a.j.l.DirectJDKLog [main] Starting ProtocolHandler ["http-nio-8080"]
2023-11-23 23:30:07,166 INFO o.s.b.w.e.t.TomcatWebServer [main] Tomcat started on port(s): 8080 (http) with context path ''
2023-11-23 23:30:07,174 INFO o.s.b.StartupInfoLogger [main] Started SpringWebRestCh5Application in 5.499 seconds (process running for 5.957)
2023-11-23 23:32:02,304 INFO o.s.o.j.AbstractEntityManagerFactoryBean [SpringApplicationShutdownHook] Closing JPA EntityManagerFactory for persistence unit 'default'
2023-11-23 23:32:02,306 INFO c.z.h.HikariDataSource [SpringApplicationShutdownHook] HikariPool-1 - Shutdown initiated...
2023-11-23 23:32:02,309 INFO c.z.h.HikariDataSource [SpringApplicationShutdownHook] HikariPool-1 - Shutdown completed.
2023-11-23 23:32:30,697 INFO o.s.b.StartupInfoLogger [main] Starting SpringWebRestCh5Application using Java 19.0.2 with PID 38714 (/home/afansyarifudin/Project/java-bootcamp/Challenge6/target/classes started by afansyarifudin in /home/afansyarifudin/Project/java-bootcamp/Challenge6)
2023-11-23 23:32:30,698 INFO o.s.b.SpringApplication [main] No active profile set, falling back to 1 default profile: "default"
2023-11-23 23:32:31,259 INFO o.s.d.r.c.RepositoryConfigurationDelegate [main] Bootstrapping Spring Data JPA repositories in DEFAULT mode.
2023-11-23 23:32:31,313 INFO o.s.d.r.c.RepositoryConfigurationDelegate [main] Finished Spring Data repository scanning in 44 ms. Found 5 JPA repository interfaces.
2023-11-23 23:32:31,683 INFO o.s.b.w.e.t.TomcatWebServer [main] Tomcat initialized with port(s): 8080 (http)
2023-11-23 23:32:31,689 INFO o.a.j.l.DirectJDKLog [main] Initializing ProtocolHandler ["http-nio-8080"]
2023-11-23 23:32:31,690 INFO o.a.j.l.DirectJDKLog [main] Starting service [Tomcat]
2023-11-23 23:32:31,690 INFO o.a.j.l.DirectJDKLog [main] Starting Servlet engine: [Apache Tomcat/10.1.15]
2023-11-23 23:32:31,748 INFO o.a.j.l.DirectJDKLog [main] Initializing Spring embedded WebApplicationContext
2023-11-23 23:32:31,748 INFO o.s.b.w.s.c.ServletWebServerApplicationContext [main] Root WebApplicationContext: initialization completed in 1014 ms
2023-11-23 23:32:31,868 INFO o.h.j.i.u.LogHelper [main] HHH000204: Processing PersistenceUnitInfo [name: default]
2023-11-23 23:32:31,908 INFO o.h.Version [main] HHH000412: Hibernate ORM core version 6.2.13.Final
2023-11-23 23:32:31,910 INFO o.h.c.Environment [main] HHH000406: Using bytecode reflection optimizer
2023-11-23 23:32:32,090 INFO o.s.o.j.p.SpringPersistenceUnitInfo [main] No LoadTimeWeaver setup: ignoring JPA class transformer
2023-11-23 23:32:32,108 INFO c.z.h.HikariDataSource [main] HikariPool-1 - Starting...
2023-11-23 23:32:32,322 INFO c.z.h.p.HikariPool [main] HikariPool-1 - Added connection org.postgresql.jdbc.PgConnection@67dc6b48
2023-11-23 23:32:32,323 INFO c.z.h.HikariDataSource [main] HikariPool-1 - Start completed.
2023-11-23 23:32:32,347 WARN o.h.e.j.d.i.DialectFactoryImpl [main] HHH90000025: PostgreSQLDialect does not need to be specified explicitly using 'hibernate.dialect' (remove the property setting and it will be selected by default)
2023-11-23 23:32:33,013 INFO o.h.e.t.j.p.i.JtaPlatformInitiator [main] HHH000489: No JTA platform available (set 'hibernate.transaction.jta.platform' to enable JTA platform integration)
2023-11-23 23:32:33,026 WARN o.h.e.j.s.SqlExceptionHelper$StandardWarningHandler [main] SQL Warning Code: 0, SQLState: 00000
2023-11-23 23:32:33,026 WARN o.h.e.j.s.SqlExceptionHelper$StandardWarningHandler [main] relation "orderdetail" does not exist, skipping
2023-11-23 23:32:33,027 WARN o.h.e.j.s.SqlExceptionHelper$StandardWarningHandler [main] SQL Warning Code: 0, SQLState: 00000
2023-11-23 23:32:33,027 WARN o.h.e.j.s.SqlExceptionHelper$StandardWarningHandler [main] relation "orderdetail" does not exist, skipping
2023-11-23 23:32:33,028 WARN o.h.e.j.s.SqlExceptionHelper$StandardWarningHandler [main] SQL Warning Code: 0, SQLState: 00000
2023-11-23 23:32:33,028 WARN o.h.e.j.s.SqlExceptionHelper$StandardWarningHandler [main] relation "orders" does not exist, skipping
2023-11-23 23:32:33,029 WARN o.h.e.j.s.SqlExceptionHelper$StandardWarningHandler [main] SQL Warning Code: 0, SQLState: 00000
2023-11-23 23:32:33,029 WARN o.h.e.j.s.SqlExceptionHelper$StandardWarningHandler [main] relation "product" does not exist, skipping
2023-11-23 23:32:33,030 WARN o.h.e.j.s.SqlExceptionHelper$StandardWarningHandler [main] SQL Warning Code: 0, SQLState: 00000
2023-11-23 23:32:33,030 WARN o.h.e.j.s.SqlExceptionHelper$StandardWarningHandler [main] relation "user_roles" does not exist, skipping
2023-11-23 23:32:33,030 WARN o.h.e.j.s.SqlExceptionHelper$StandardWarningHandler [main] SQL Warning Code: 0, SQLState: 00000
2023-11-23 23:32:33,031 WARN o.h.e.j.s.SqlExceptionHelper$StandardWarningHandler [main] relation "user_roles" does not exist, skipping
2023-11-23 23:32:33,031 WARN o.h.e.j.s.SqlExceptionHelper$StandardWarningHandler [main] SQL Warning Code: 0, SQLState: 00000
2023-11-23 23:32:33,032 WARN o.h.e.j.s.SqlExceptionHelper$StandardWarningHandler [main] table "merchant" does not exist, skipping
2023-11-23 23:32:33,032 WARN o.h.e.j.s.SqlExceptionHelper$StandardWarningHandler [main] SQL Warning Code: 0, SQLState: 00000
2023-11-23 23:32:33,032 WARN o.h.e.j.s.SqlExceptionHelper$StandardWarningHandler [main] table "orderdetail" does not exist, skipping
2023-11-23 23:32:33,033 WARN o.h.e.j.s.SqlExceptionHelper$StandardWarningHandler [main] SQL Warning Code: 0, SQLState: 00000
2023-11-23 23:32:33,033 WARN o.h.e.j.s.SqlExceptionHelper$StandardWarningHandler [main] table "orders" does not exist, skipping
2023-11-23 23:32:33,034 WARN o.h.e.j.s.SqlExceptionHelper$StandardWarningHandler [main] SQL Warning Code: 0, SQLState: 00000
2023-11-23 23:32:33,034 WARN o.h.e.j.s.SqlExceptionHelper$StandardWarningHandler [main] table "product" does not exist, skipping
2023-11-23 23:32:33,035 WARN o.h.e.j.s.SqlExceptionHelper$StandardWarningHandler [main] SQL Warning Code: 0, SQLState: 00000
2023-11-23 23:32:33,036 WARN o.h.e.j.s.SqlExceptionHelper$StandardWarningHandler [main] table "roles" does not exist, skipping
2023-11-23 23:32:33,036 WARN o.h.e.j.s.SqlExceptionHelper$StandardWarningHandler [main] SQL Warning Code: 0, SQLState: 00000
2023-11-23 23:32:33,037 WARN o.h.e.j.s.SqlExceptionHelper$StandardWarningHandler [main] table "user_roles" does not exist, skipping
2023-11-23 23:32:33,037 WARN o.h.e.j.s.SqlExceptionHelper$StandardWarningHandler [main] SQL Warning Code: 0, SQLState: 00000
2023-11-23 23:32:33,037 WARN o.h.e.j.s.SqlExceptionHelper$StandardWarningHandler [main] table "users" does not exist, skipping
2023-11-23 23:32:33,175 INFO o.s.o.j.AbstractEntityManagerFactoryBean [main] Initialized JPA EntityManagerFactory for persistence unit 'default'
2023-11-23 23:32:33,460 INFO o.s.b.f.a.AutowiredAnnotationBeanPostProcessor [main] Autowired annotation should only be used on methods with parameters: public org.springframework.http.ResponseEntity com.example.springwebrest_ch5.controller.UserController.getAll()
2023-11-23 23:32:33,653 WARN o.s.b.a.o.j.JpaBaseConfiguration$JpaWebConfiguration [main] spring.jpa.open-in-view is enabled by default. Therefore, database queries may be performed during view rendering. Explicitly configure spring.jpa.open-in-view to disable this warning
2023-11-23 23:32:33,951 INFO o.a.j.l.DirectJDKLog [main] Starting ProtocolHandler ["http-nio-8080"]
2023-11-23 23:32:33,961 INFO o.s.b.w.e.t.TomcatWebServer [main] Tomcat started on port(s): 8080 (http) with context path ''
2023-11-23 23:32:33,969 INFO o.s.b.StartupInfoLogger [main] Started SpringWebRestCh5Application in 3.665 seconds (process running for 4.215)
2023-11-23 23:33:43,113 INFO o.s.o.j.AbstractEntityManagerFactoryBean [SpringApplicationShutdownHook] Closing JPA EntityManagerFactory for persistence unit 'default'
2023-11-23 23:33:43,116 INFO c.z.h.HikariDataSource [SpringApplicationShutdownHook] HikariPool-1 - Shutdown initiated...
2023-11-23 23:33:43,125 INFO c.z.h.HikariDataSource [SpringApplicationShutdownHook] HikariPool-1 - Shutdown completed.
2023-11-23 23:34:20,141 INFO o.s.b.StartupInfoLogger [main] Starting SpringWebRestCh5Application using Java 19.0.2 with PID 41014 (/home/afansyarifudin/Project/java-bootcamp/Challenge6/target/classes started by afansyarifudin in /home/afansyarifudin/Project/java-bootcamp/Challenge6)
2023-11-23 23:34:20,143 INFO o.s.b.SpringApplication [main] No active profile set, falling back to 1 default profile: "default"
2023-11-23 23:34:20,708 INFO o.s.d.r.c.RepositoryConfigurationDelegate [main] Bootstrapping Spring Data JPA repositories in DEFAULT mode.
2023-11-23 23:34:20,758 INFO o.s.d.r.c.RepositoryConfigurationDelegate [main] Finished Spring Data repository scanning in 44 ms. Found 5 JPA repository interfaces.
2023-11-23 23:34:21,129 INFO o.s.b.w.e.t.TomcatWebServer [main] Tomcat initialized with port(s): 8080 (http)
2023-11-23 23:34:21,135 INFO o.a.j.l.DirectJDKLog [main] Initializing ProtocolHandler ["http-nio-8080"]
2023-11-23 23:34:21,136 INFO o.a.j.l.DirectJDKLog [main] Starting service [Tomcat]
2023-11-23 23:34:21,137 INFO o.a.j.l.DirectJDKLog [main] Starting Servlet engine: [Apache Tomcat/10.1.15]
2023-11-23 23:34:21,192 INFO o.a.j.l.DirectJDKLog [main] Initializing Spring embedded WebApplicationContext
2023-11-23 23:34:21,193 INFO o.s.b.w.s.c.ServletWebServerApplicationContext [main] Root WebApplicationContext: initialization completed in 1018 ms
2023-11-23 23:34:21,313 INFO o.h.j.i.u.LogHelper [main] HHH000204: Processing PersistenceUnitInfo [name: default]
2023-11-23 23:34:21,353 INFO o.h.Version [main] HHH000412: Hibernate ORM core version 6.2.13.Final
2023-11-23 23:34:21,355 INFO o.h.c.Environment [main] HHH000406: Using bytecode reflection optimizer
2023-11-23 23:34:21,534 INFO o.s.o.j.p.SpringPersistenceUnitInfo [main] No LoadTimeWeaver setup: ignoring JPA class transformer
2023-11-23 23:34:21,551 INFO c.z.h.HikariDataSource [main] HikariPool-1 - Starting...
2023-11-23 23:34:21,775 INFO c.z.h.p.HikariPool [main] HikariPool-1 - Added connection org.postgresql.jdbc.PgConnection@710afd47
2023-11-23 23:34:21,776 INFO c.z.h.HikariDataSource [main] HikariPool-1 - Start completed.
2023-11-23 23:34:21,800 WARN o.h.e.j.d.i.DialectFactoryImpl [main] HHH90000025: PostgreSQLDialect does not need to be specified explicitly using 'hibernate.dialect' (remove the property setting and it will be selected by default)
2023-11-23 23:34:22,477 INFO o.h.e.t.j.p.i.JtaPlatformInitiator [main] HHH000489: No JTA platform available (set 'hibernate.transaction.jta.platform' to enable JTA platform integration)
2023-11-23 23:34:22,674 INFO o.s.o.j.AbstractEntityManagerFactoryBean [main] Initialized JPA EntityManagerFactory for persistence unit 'default'
2023-11-23 23:34:22,961 INFO o.s.b.f.a.AutowiredAnnotationBeanPostProcessor [main] Autowired annotation should only be used on methods with parameters: public org.springframework.http.ResponseEntity com.example.springwebrest_ch5.controller.UserController.getAll()
2023-11-23 23:34:23,159 WARN o.s.b.a.o.j.JpaBaseConfiguration$JpaWebConfiguration [main] spring.jpa.open-in-view is enabled by default. Therefore, database queries may be performed during view rendering. Explicitly configure spring.jpa.open-in-view to disable this warning
2023-11-23 23:34:23,442 INFO o.a.j.l.DirectJDKLog [main] Starting ProtocolHandler ["http-nio-8080"]
2023-11-23 23:34:23,452 INFO o.s.b.w.e.t.TomcatWebServer [main] Tomcat started on port(s): 8080 (http) with context path ''
2023-11-23 23:34:23,460 INFO o.s.b.StartupInfoLogger [main] Started SpringWebRestCh5Application in 3.697 seconds (process running for 4.194)
